#
# A fatal error has been detected by the Java Runtime Environment:
#
#  SIGSEGV (0xb) at pc=0x00007fff9275a0dd, pid=5373, tid=1811
#
# JRE version: Java(TM) SE Runtime Environment (8.0_20-b26) (build 1.8.0_20-b26)
# Java VM: Java HotSpot(TM) 64-Bit Server VM (25.20-b23 mixed mode bsd-amd64 compressed oops)
# Problematic frame:
# C  [libobjc.A.dylib+0x10dd]  objc_msgSend+0x1d
#
# Failed to write core dump. Core dumps have been disabled. To enable core dumping, try "ulimit -c unlimited" before starting Java again
#
# If you would like to submit a bug report, please visit:
#   http://bugreport.sun.com/bugreport/crash.jsp
# The crash happened outside the Java Virtual Machine in native code.
# See problematic frame for where to report the bug.
#

---------------  T H R E A D  ---------------

Current thread (0x00007ffea40e0000):  JavaThread "AppKit Thread" daemon [_thread_in_native, id=1811, stack(0x00007fff59d1d000,0x00007fff5a51d000)]

siginfo: si_signo: 11 (SIGSEGV), si_code: 1 (SEGV_MAPERR), si_addr: 0x000007ffea3d9870

Registers:
RAX=0x00007ffea3d8fc70, RBX=0x00007fff5a5187e8, RCX=0x0000000000000000, RDX=0x00007ffea3d35b60
RSP=0x00007fff5a518608, RBP=0x00007fff5a518610, RSI=0x00007fff8e1db2b4, RDI=0x00007ffea3d8fc70
R8 =0x00007fff5a5185f0, R9 =0x0000000000000056, R10=0x00007fff8e1db2b4, R11=0x000007ffea3d9858
R12=0x00007ffea3c1f760, R13=0x00000000000f42f9, R14=0x00007ffea3c70900, R15=0x00007fff5a518748
RIP=0x00007fff9275a0dd, EFLAGS=0x0000000000010202, ERR=0x0000000000000004
  TRAPNO=0x000000000000000e

Top of Stack: (sp=0x00007fff5a518608)
0x00007fff5a518608:   00007fff8adb9cdc 00007fff5a518970
0x00007fff5a518618:   00007fff8acab244 00007fff5a51869c
0x00007fff5a518628:   00007fff5a5186a0 00007fff5a5186a4
0x00007fff5a518638:   00007fff73c07c88 ffffffffffffffff
0x00007fff5a518648:   0000000000000810 00007fff73c07ca0
0x00007fff5a518658:   00007ffea3c70900 0000000000000000
0x00007fff5a518668:   00007fff5a518740 0000000000000000
0x00007fff5a518678:   00007ffea3f2c5d0 00007fff5a5187c0
0x00007fff5a518688:   0000000000000056 00000000000f42fb
0x00007fff5a518698:   00007ffea3d35b60 00007ffea3f28030
0x00007fff5a5186a8:   00007ffea3c1f760 0000000000000001
0x00007fff5a5186b8:   00000000000f42f9 00007ffea3c1f750
0x00007fff5a5186c8:   00007fff869c87ba 00000001a3d95720
0x00007fff5a5186d8:   00007fff755bf0d0 0000000042000000
0x00007fff5a5186e8:   00007fff869d0e13 00007fff73bd21d0
0x00007fff5a5186f8:   00007fff5a5187c8 00007fff5a518720
0x00007fff5a518708:   00007fff5a518740 0000000000000000
0x00007fff5a518718:   000000000000000f 0003600300000001
0x00007fff5a518728:   00007ffea3c1f784 0000000000000000
0x00007fff5a518738:   0000000000000000 00007ffea3f2c650
0x00007fff5a518748:   00007ffea3c70900 0000000000000000
0x00007fff5a518758:   00007fff8e21334c 00007fff5a518800
0x00007fff5a518768:   00007fff9166b513 00007fff5a5187e4
0x00007fff5a518778:   000000000043fb01 00000000ffffffff
0x00007fff5a518788:   00007fff759608c8 000000000043fb00
0x00007fff5a518798:   00007fff00000000 00007fff5a518890
0x00007fff5a5187a8:   00007fff8641aedc 00007fff759608e8
0x00007fff5a5187b8:   00007fff8e21334c 0000000000000051
0x00007fff5a5187c8:   0000000000000000 00000000000f42e0
0x00007fff5a5187d8:   0000000000000053 0000000000000000
0x00007fff5a5187e8:   00000000000f42f9 00007fff5a518864
0x00007fff5a5187f8:   0000000000440601 00000000ffffffff 

Instructions: (pc=0x00007fff9275a0dd)
0x00007fff9275a0bd:   00 00 00 48 85 ff 2e 74 7a 40 f6 c7 01 2e 75 7e
0x00007fff9275a0cd:   49 bb f8 ff ff ff ff 7f 00 00 4c 23 1f 49 89 f2
0x00007fff9275a0dd:   45 23 53 18 49 c1 e2 04 4d 03 53 10 49 3b 32 75
0x00007fff9275a0ed:   04 41 ff 62 08 49 83 3a 00 74 6a 4d 3b 53 10 74 

Register to memory mapping:

RAX=0x00007ffea3d8fc70 is an unknown value
RBX=0x00007fff5a5187e8 is pointing into the stack for thread: 0x00007ffea40e0000
RCX=0x0000000000000000 is an unknown value
RDX=0x00007ffea3d35b60 is an unknown value
RSP=0x00007fff5a518608 is pointing into the stack for thread: 0x00007ffea40e0000
RBP=0x00007fff5a518610 is pointing into the stack for thread: 0x00007ffea40e0000
RSI=0x00007fff8e1db2b4: -[NSTitlebarContainerView shouldRoundCorners]+0x5ced6 in /System/Library/Frameworks/AppKit.framework/Versions/C/AppKit at 0x00007fff8d80a000
RDI=0x00007ffea3d8fc70 is an unknown value
R8 =0x00007fff5a5185f0 is pointing into the stack for thread: 0x00007ffea40e0000
R9 =0x0000000000000056 is an unknown value
R10=0x00007fff8e1db2b4: -[NSTitlebarContainerView shouldRoundCorners]+0x5ced6 in /System/Library/Frameworks/AppKit.framework/Versions/C/AppKit at 0x00007fff8d80a000
R11=0x000007ffea3d9858 is an unknown value
R12=0x00007ffea3c1f760 is an unknown value
R13=0x00000000000f42f9 is an unknown value
R14=0x00007ffea3c70900 is an unknown value
R15=0x00007fff5a518748 is pointing into the stack for thread: 0x00007ffea40e0000


Stack: [0x00007fff59d1d000,0x00007fff5a51d000],  sp=0x00007fff5a518608,  free space=8173k
Native frames: (J=compiled Java code, j=interpreted, Vv=VM code, C=native code)
C  [libobjc.A.dylib+0x10dd]  objc_msgSend+0x1d
C  [CoreFoundation+0x10244]  _CFXNotificationPost+0xc44
C  [Foundation+0x2c31]  -[NSNotificationCenter postNotificationName:object:userInfo:]+0x42
C  [AppKit+0xdd776]  -[NSSurface _disposeSurface]+0x98
C  [AppKit+0xdd1da]  -[NSSurface setWindow:]+0x42
C  [AppKit+0x3b9ef]  -[NSView _setWindow:]+0xa22
C  [AppKit+0x3cc22]  -[NSView removeFromSuperview]+0x1c5
C  [AppKit+0x9140a]  -[NSView removeFromSuperviewWithoutNeedingDisplay]+0x26
C  [liblwjgl.jnilib+0x9c3e]  +[MacOSXKeyableWindow destroyWindow]+0xde
C  [Foundation+0x65cdc]  __NSThreadPerformPerform+0x125
C  [CoreFoundation+0x80681]  __CFRUNLOOP_IS_CALLING_OUT_TO_A_SOURCE0_PERFORM_FUNCTION__+0x11
C  [CoreFoundation+0x7280d]  __CFRunLoopDoSources0+0x10d
C  [CoreFoundation+0x71e3f]  __CFRunLoopRun+0x39f
C  [CoreFoundation+0x71858]  CFRunLoopRunSpecific+0x128
C  [HIToolbox+0x2eaef]  RunCurrentEventLoopInMode+0xeb
C  [HIToolbox+0x2e86a]  ReceiveNextEventCommon+0x1af
C  [HIToolbox+0x2e6ab]  _BlockUntilNextEventMatchingListInModeWithFilter+0x47
C  [AppKit+0x23f81]  _DPSNextEvent+0x3c4
C  [AppKit+0x23730]  -[NSApplication nextEventMatchingMask:untilDate:inMode:dequeue:]+0xc2
C  [libosxapp.dylib+0x242a]  -[NSApplicationAWT nextEventMatchingMask:untilDate:inMode:dequeue:]+0x7c
C  [AppKit+0x17593]  -[NSApplication run]+0x252
C  [libosxapp.dylib+0x223e]  +[NSApplicationAWT runAWTLoopWithApp:]+0x9c
C  [libawt_lwawt.dylib+0x4494f]  -[AWTStarter starter:]+0x389
C  [Foundation+0x65cdc]  __NSThreadPerformPerform+0x125
C  [CoreFoundation+0x80681]  __CFRUNLOOP_IS_CALLING_OUT_TO_A_SOURCE0_PERFORM_FUNCTION__+0x11
C  [CoreFoundation+0x7280d]  __CFRunLoopDoSources0+0x10d
C  [CoreFoundation+0x71e3f]  __CFRunLoopRun+0x39f
C  [CoreFoundation+0x71858]  CFRunLoopRunSpecific+0x128
C  [java+0x56cc]  CreateExecutionEnvironment+0x367
C  [java+0x165c]  JLI_Launch+0x7a0
C  [java+0x768a]  main+0x65
C  [java+0xeb4]  start+0x34
C  0x0000000000000006


---------------  P R O C E S S  ---------------

Java Threads: ( => current thread )
  0x00007ffea4820000 JavaThread "AWT-Shutdown" [_thread_blocked, id=35403, stack(0x000000012509e000,0x000000012519e000)]
  0x00007ffea4aa3000 JavaThread "Java2D Disposer" daemon [_thread_blocked, id=54787, stack(0x0000000126e86000,0x0000000126f86000)]
  0x00007ffea4a48000 JavaThread "Thread-1" [_thread_in_native, id=54555, stack(0x00000001262b8000,0x00000001263b8000)]
=>0x00007ffea40e0000 JavaThread "AppKit Thread" daemon [_thread_in_native, id=1811, stack(0x00007fff59d1d000,0x00007fff5a51d000)]
  0x00007ffea482d800 JavaThread "Service Thread" daemon [_thread_blocked, id=18179, stack(0x000000011c7d5000,0x000000011c8d5000)]
  0x00007ffea481d800 JavaThread "C1 CompilerThread2" daemon [_thread_blocked, id=17667, stack(0x000000011c6d2000,0x000000011c7d2000)]
  0x00007ffea481c800 JavaThread "C2 CompilerThread1" daemon [_thread_blocked, id=17155, stack(0x000000011c5cf000,0x000000011c6cf000)]
  0x00007ffea481f000 JavaThread "C2 CompilerThread0" daemon [_thread_blocked, id=16643, stack(0x000000011c4cc000,0x000000011c5cc000)]
  0x00007ffea401d000 JavaThread "Signal Dispatcher" daemon [_thread_blocked, id=13335, stack(0x000000011c3c9000,0x000000011c4c9000)]
  0x00007ffea4010000 JavaThread "Finalizer" daemon [_thread_blocked, id=11523, stack(0x000000011aa7a000,0x000000011ab7a000)]
  0x00007ffea5007000 JavaThread "Reference Handler" daemon [_thread_blocked, id=11011, stack(0x000000011a977000,0x000000011aa77000)]
  0x00007ffea4805800 JavaThread "main" [_thread_in_native, id=4867, stack(0x0000000106f1c000,0x000000010701c000)]

Other Threads:
  0x00007ffea5848000 VMThread [stack: 0x000000011a874000,0x000000011a974000] [id=10499]
  0x00007ffea482e800 WatcherThread [stack: 0x000000011c8d8000,0x000000011c9d8000] [id=18691]

VM state:not at safepoint (normal execution)

VM Mutex/Monitor currently owned by a thread: None

Heap:
 PSYoungGen      total 18944K, used 2980K [0x00000007aab00000, 0x00000007ad000000, 0x00000007c0000000)
  eden space 16384K, 3% used [0x00000007aab00000,0x00000007aab85200,0x00000007abb00000)
  from space 2560K, 95% used [0x00000007abb00000,0x00000007abd64020,0x00000007abd80000)
  to   space 2560K, 0% used [0x00000007acd80000,0x00000007acd80000,0x00000007ad000000)
 ParOldGen       total 44032K, used 4783K [0x0000000780000000, 0x0000000782b00000, 0x00000007aab00000)
  object space 44032K, 10% used [0x0000000780000000,0x00000007804abff0,0x0000000782b00000)
 Metaspace       used 7781K, capacity 7897K, committed 8064K, reserved 1056768K
  class space    used 774K, capacity 823K, committed 896K, reserved 1048576K

Card table byte_map: [0x0000000116431000,0x0000000116632000] byte_map_base: 0x0000000112831000

Marking Bits: (ParMarkBitMap*) 0x000000010689c330
 Begin Bits: [0x0000000116b94000, 0x0000000117b94000)
 End Bits:   [0x0000000117b94000, 0x0000000118b94000)

Polling page: 0x00000001057f8000

CodeCache: size=245760Kb used=3805Kb max_used=3814Kb free=241954Kb
 bounds [0x0000000107071000, 0x0000000107431000, 0x0000000116071000]
 total_blobs=1429 nmethods=992 adapters=352
 compilation: enabled

Compilation events (10 events):
Event: 33.870 Thread 0x00007ffea481f000 1001       4       org.lwjgl.util.vector.Matrix4f::scale (170 bytes)
Event: 33.872 Thread 0x00007ffea481f000 nmethod 1001 0x0000000107426f10 code [0x0000000107427060, 0x0000000107427178]
Event: 34.791 Thread 0x00007ffea481c800 1002       4       java.util.HashMap$HashIterator::nextNode (100 bytes)
Event: 34.796 Thread 0x00007ffea481c800 nmethod 1002 0x0000000107426a10 code [0x0000000107426b60, 0x0000000107426db8]
Event: 34.950 Thread 0x00007ffea481f000 1003       4       java.nio.Buffer::limit (62 bytes)
Event: 34.951 Thread 0x00007ffea481f000 nmethod 1003 0x0000000107426790 code [0x00000001074268e0, 0x0000000107426978]
Event: 35.339 Thread 0x00007ffea481c800 1004       4       toolbox.Maths::createViewMatrix (100 bytes)
Event: 35.345 Thread 0x00007ffea481c800 nmethod 1004 0x000000010742c750 code [0x000000010742c900, 0x000000010742cc38]
Event: 36.106 Thread 0x00007ffea481d800 1005       1       java.util.jar.JarFile::access$300 (5 bytes)
Event: 36.106 Thread 0x00007ffea481d800 nmethod 1005 0x0000000107426450 code [0x00000001074265a0, 0x0000000107426690]

GC Heap History (6 events):
Event: 2.601 GC heap before
{Heap before GC invocations=1 (full 0):
 PSYoungGen      total 18944K, used 16384K [0x00000007aab00000, 0x00000007ac000000, 0x00000007c0000000)
  eden space 16384K, 100% used [0x00000007aab00000,0x00000007abb00000,0x00000007abb00000)
  from space 2560K, 0% used [0x00000007abd80000,0x00000007abd80000,0x00000007ac000000)
  to   space 2560K, 0% used [0x00000007abb00000,0x00000007abb00000,0x00000007abd80000)
 ParOldGen       total 44032K, used 0K [0x0000000780000000, 0x0000000782b00000, 0x00000007aab00000)
  object space 44032K, 0% used [0x0000000780000000,0x0000000780000000,0x0000000782b00000)
 Metaspace       used 7517K, capacity 7641K, committed 7808K, reserved 1056768K
  class space    used 764K, capacity 823K, committed 896K, reserved 1048576K
Event: 2.612 GC heap after
Heap after GC invocations=1 (full 0):
 PSYoungGen      total 18944K, used 2528K [0x00000007aab00000, 0x00000007ac000000, 0x00000007c0000000)
  eden space 16384K, 0% used [0x00000007aab00000,0x00000007aab00000,0x00000007abb00000)
  from space 2560K, 98% used [0x00000007abb00000,0x00000007abd78050,0x00000007abd80000)
  to   space 2560K, 0% used [0x00000007abd80000,0x00000007abd80000,0x00000007ac000000)
 ParOldGen       total 44032K, used 3795K [0x0000000780000000, 0x0000000782b00000, 0x00000007aab00000)
  object space 44032K, 8% used [0x0000000780000000,0x00000007803b4cc0,0x0000000782b00000)
 Metaspace       used 7517K, capacity 7641K, committed 7808K, reserved 1056768K
  class space    used 764K, capacity 823K, committed 896K, reserved 1048576K
}
Event: 2.830 GC heap before
{Heap before GC invocations=2 (full 0):
 PSYoungGen      total 18944K, used 18912K [0x00000007aab00000, 0x00000007ac000000, 0x00000007c0000000)
  eden space 16384K, 100% used [0x00000007aab00000,0x00000007abb00000,0x00000007abb00000)
  from space 2560K, 98% used [0x00000007abb00000,0x00000007abd78050,0x00000007abd80000)
  to   space 2560K, 0% used [0x00000007abd80000,0x00000007abd80000,0x00000007ac000000)
 ParOldGen       total 44032K, used 3795K [0x0000000780000000, 0x0000000782b00000, 0x00000007aab00000)
  object space 44032K, 8% used [0x0000000780000000,0x00000007803b4cc0,0x0000000782b00000)
 Metaspace       used 7598K, capacity 7705K, committed 7808K, reserved 1056768K
  class space    used 768K, capacity 823K, committed 896K, reserved 1048576K
Event: 2.839 GC heap after
Heap after GC invocations=2 (full 0):
 PSYoungGen      total 18944K, used 2528K [0x00000007aab00000, 0x00000007ad000000, 0x00000007c0000000)
  eden space 16384K, 0% used [0x00000007aab00000,0x00000007aab00000,0x00000007abb00000)
  from space 2560K, 98% used [0x00000007abd80000,0x00000007abff8010,0x00000007ac000000)
  to   space 2560K, 0% used [0x00000007abb00000,0x00000007abb00000,0x00000007abd80000)
 ParOldGen       total 44032K, used 4775K [0x0000000780000000, 0x0000000782b00000, 0x00000007aab00000)
  object space 44032K, 10% used [0x0000000780000000,0x00000007804a9ff0,0x0000000782b00000)
 Metaspace       used 7598K, capacity 7705K, committed 7808K, reserved 1056768K
  class space    used 768K, capacity 823K, committed 896K, reserved 1048576K
}
Event: 34.995 GC heap before
{Heap before GC invocations=3 (full 0):
 PSYoungGen      total 18944K, used 18912K [0x00000007aab00000, 0x00000007ad000000, 0x00000007c0000000)
  eden space 16384K, 100% used [0x00000007aab00000,0x00000007abb00000,0x00000007abb00000)
  from space 2560K, 98% used [0x00000007abd80000,0x00000007abff8010,0x00000007ac000000)
  to   space 2560K, 0% used [0x00000007abb00000,0x00000007abb00000,0x00000007abd80000)
 ParOldGen       total 44032K, used 4775K [0x0000000780000000, 0x0000000782b00000, 0x00000007aab00000)
  object space 44032K, 10% used [0x0000000780000000,0x00000007804a9ff0,0x0000000782b00000)
 Metaspace       used 7775K, capacity 7897K, committed 8064K, reserved 1056768K
  class space    used 774K, capacity 823K, committed 896K, reserved 1048576K
Event: 35.000 GC heap after
Heap after GC invocations=3 (full 0):
 PSYoungGen      total 18944K, used 2448K [0x00000007aab00000, 0x00000007ad000000, 0x00000007c0000000)
  eden space 16384K, 0% used [0x00000007aab00000,0x00000007aab00000,0x00000007abb00000)
  from space 2560K, 95% used [0x00000007abb00000,0x00000007abd64020,0x00000007abd80000)
  to   space 2560K, 0% used [0x00000007acd80000,0x00000007acd80000,0x00000007ad000000)
 ParOldGen       total 44032K, used 4783K [0x0000000780000000, 0x0000000782b00000, 0x00000007aab00000)
  object space 44032K, 10% used [0x0000000780000000,0x00000007804abff0,0x0000000782b00000)
 Metaspace       used 7775K, capacity 7897K, committed 8064K, reserved 1056768K
  class space    used 774K, capacity 823K, committed 896K, reserved 1048576K
}

Deoptimization events (4 events):
Event: 9.343 Thread 0x00007ffea4805800 Uncommon trap: reason=array_check action=maybe_recompile pc=0x0000000107330dd4 method=java.util.AbstractCollection.toArray([Ljava/lang/Object;)[Ljava/lang/Object; @ 119
Event: 10.759 Thread 0x00007ffea4805800 Uncommon trap: reason=array_check action=maybe_recompile pc=0x0000000107330dd4 method=java.util.AbstractCollection.toArray([Ljava/lang/Object;)[Ljava/lang/Object; @ 119
Event: 10.759 Thread 0x00007ffea4805800 Uncommon trap: reason=array_check action=maybe_recompile pc=0x0000000107330dd4 method=java.util.AbstractCollection.toArray([Ljava/lang/Object;)[Ljava/lang/Object; @ 119
Event: 11.119 Thread 0x00007ffea4805800 Uncommon trap: reason=array_check action=maybe_recompile pc=0x0000000107330dd4 method=java.util.AbstractCollection.toArray([Ljava/lang/Object;)[Ljava/lang/Object; @ 119

Internal exceptions (10 events):
Event: 2.736 Thread 0x00007ffea4805800 Exception <a 'java/security/PrivilegedActionException'> (0x00000007ab51fa68) thrown at [/HUDSON3/workspace/8-2-build-macosx-x86_64/jdk8u20/1074/hotspot/src/share/vm/prims/jvm.cpp, line 1275]
Event: 2.737 Thread 0x00007ffea4805800 Exception <a 'java/security/PrivilegedActionException'> (0x00000007ab523f40) thrown at [/HUDSON3/workspace/8-2-build-macosx-x86_64/jdk8u20/1074/hotspot/src/share/vm/prims/jvm.cpp, line 1275]
Event: 2.741 Thread 0x00007ffea4805800 Exception <a 'java/security/PrivilegedActionException'> (0x00000007ab5303e0) thrown at [/HUDSON3/workspace/8-2-build-macosx-x86_64/jdk8u20/1074/hotspot/src/share/vm/prims/jvm.cpp, line 1275]
Event: 2.749 Thread 0x00007ffea4805800 Exception <a 'java/security/PrivilegedActionException'> (0x00000007ab5453a8) thrown at [/HUDSON3/workspace/8-2-build-macosx-x86_64/jdk8u20/1074/hotspot/src/share/vm/prims/jvm.cpp, line 1275]
Event: 2.767 Thread 0x00007ffea4805800 Exception <a 'java/security/PrivilegedActionException'> (0x00000007ab6043a8) thrown at [/HUDSON3/workspace/8-2-build-macosx-x86_64/jdk8u20/1074/hotspot/src/share/vm/prims/jvm.cpp, line 1275]
Event: 3.272 Thread 0x00007ffea4805800 Exception <a 'java/security/PrivilegedActionException'> (0x00000007ab48a368) thrown at [/HUDSON3/workspace/8-2-build-macosx-x86_64/jdk8u20/1074/hotspot/src/share/vm/prims/jvm.cpp, line 1275]
Event: 3.288 Thread 0x00007ffea4805800 Exception <a 'java/security/PrivilegedActionException'> (0x00000007ab48f410) thrown at [/HUDSON3/workspace/8-2-build-macosx-x86_64/jdk8u20/1074/hotspot/src/share/vm/prims/jvm.cpp, line 1275]
Event: 3.289 Thread 0x00007ffea4805800 Exception <a 'java/security/PrivilegedActionException'> (0x00000007ab493db0) thrown at [/HUDSON3/workspace/8-2-build-macosx-x86_64/jdk8u20/1074/hotspot/src/share/vm/prims/jvm.cpp, line 1275]
Event: 12.932 Thread 0x00007ffea4805800 Exception <a 'java/security/PrivilegedActionException'> (0x00000007ab77cc18) thrown at [/HUDSON3/workspace/8-2-build-macosx-x86_64/jdk8u20/1074/hotspot/src/share/vm/prims/jvm.cpp, line 1275]
Event: 36.105 Thread 0x00007ffea4805800 Exception <a 'java/security/PrivilegedActionException'> (0x00000007aab2abc0) thrown at [/HUDSON3/workspace/8-2-build-macosx-x86_64/jdk8u20/1074/hotspot/src/share/vm/prims/jvm.cpp, line 1275]

Events (10 events):
Event: 35.002 Executing VM operation: RevokeBias
Event: 35.002 Executing VM operation: RevokeBias done
Event: 35.002 Executing VM operation: RevokeBias
Event: 35.002 Executing VM operation: RevokeBias done
Event: 35.544 Executing VM operation: RevokeBias
Event: 35.544 Executing VM operation: RevokeBias done
Event: 35.544 Thread 0x00007ffea4820000 Thread exited: 0x00007ffea4820000
Event: 35.784 Thread 0x00007ffea4820000 Thread added: 0x00007ffea4820000
Event: 36.104 loading class org/lwjgl/opengl/CallbackUtil
Event: 36.104 loading class org/lwjgl/opengl/CallbackUtil done


Dynamic libraries:
0x00000000033fa000 	/System/Library/Frameworks/Cocoa.framework/Versions/A/Cocoa
0x00000000033fa000 	/System/Library/Frameworks/Security.framework/Versions/A/Security
0x00000000033fa000 	/System/Library/Frameworks/ApplicationServices.framework/Versions/A/ApplicationServices
0x00000000033fa000 	/usr/lib/libz.1.dylib
0x00000000033fa000 	/usr/lib/libSystem.B.dylib
0x00000000033fa000 	/usr/lib/libobjc.A.dylib
0x00000000033fa000 	/System/Library/Frameworks/CoreFoundation.framework/Versions/A/CoreFoundation
0x00000000033fa000 	/System/Library/Frameworks/Foundation.framework/Versions/C/Foundation
0x00000000033fa000 	/System/Library/Frameworks/AppKit.framework/Versions/C/AppKit
0x00000000033fa000 	/System/Library/Frameworks/CoreData.framework/Versions/A/CoreData
0x00000000033fa000 	/System/Library/PrivateFrameworks/RemoteViewServices.framework/Versions/A/RemoteViewServices
0x00000000033fa000 	/System/Library/PrivateFrameworks/UIFoundation.framework/Versions/A/UIFoundation
0x00000000033fa000 	/System/Library/Frameworks/IOSurface.framework/Versions/A/IOSurface
0x00000000033fa000 	/System/Library/Frameworks/AudioToolbox.framework/Versions/A/AudioToolbox
0x00000000033fa000 	/System/Library/Frameworks/AudioUnit.framework/Versions/A/AudioUnit
0x00000000033fa000 	/System/Library/PrivateFrameworks/DataDetectorsCore.framework/Versions/A/DataDetectorsCore
0x00000000033fa000 	/System/Library/PrivateFrameworks/DesktopServicesPriv.framework/Versions/A/DesktopServicesPriv
0x00000000033fa000 	/System/Library/Frameworks/Carbon.framework/Versions/A/Frameworks/HIToolbox.framework/Versions/A/HIToolbox
0x00000000033fa000 	/System/Library/Frameworks/QuartzCore.framework/Versions/A/QuartzCore
0x00000000033fa000 	/System/Library/Frameworks/Carbon.framework/Versions/A/Frameworks/SpeechRecognition.framework/Versions/A/SpeechRecognition
0x00000000033fa000 	/usr/lib/libauto.dylib
0x00000000033fa000 	/usr/lib/libicucore.A.dylib
0x00000000033fa000 	/usr/lib/libxml2.2.dylib
0x00000000033fa000 	/System/Library/PrivateFrameworks/CoreUI.framework/Versions/A/CoreUI
0x00000000033fa000 	/System/Library/Frameworks/CoreAudio.framework/Versions/A/CoreAudio
0x00000000033fa000 	/System/Library/Frameworks/DiskArbitration.framework/Versions/A/DiskArbitration
0x00000000033fa000 	/usr/lib/liblangid.dylib
0x00000000033fa000 	/System/Library/PrivateFrameworks/MultitouchSupport.framework/Versions/A/MultitouchSupport
0x00000000033fa000 	/System/Library/Frameworks/IOKit.framework/Versions/A/IOKit
0x00000000033fa000 	/usr/lib/libDiagnosticMessagesClient.dylib
0x00000000033fa000 	/System/Library/Frameworks/CoreServices.framework/Versions/A/CoreServices
0x00000000033fa000 	/System/Library/PrivateFrameworks/PerformanceAnalysis.framework/Versions/A/PerformanceAnalysis
0x00000000033fa000 	/System/Library/PrivateFrameworks/GenerationalStorage.framework/Versions/A/GenerationalStorage
0x00000000033fa000 	/System/Library/Frameworks/OpenGL.framework/Versions/A/OpenGL
0x00000000033fa000 	/System/Library/PrivateFrameworks/Sharing.framework/Versions/A/Sharing
0x00000000033fa000 	/System/Library/Frameworks/CoreGraphics.framework/Versions/A/CoreGraphics
0x00000000033fa000 	/System/Library/Frameworks/CoreText.framework/Versions/A/CoreText
0x00000000033fa000 	/System/Library/Frameworks/ImageIO.framework/Versions/A/ImageIO
0x00000000033fa000 	/usr/lib/libextension.dylib
0x00000000033fa000 	/System/Library/PrivateFrameworks/Backup.framework/Versions/A/Backup
0x00000000033fa000 	/usr/lib/libarchive.2.dylib
0x00000000033fa000 	/System/Library/Frameworks/CFNetwork.framework/Versions/A/CFNetwork
0x00000000033fa000 	/System/Library/Frameworks/SystemConfiguration.framework/Versions/A/SystemConfiguration
0x00000000033fa000 	/usr/lib/libCRFSuite.dylib
0x00000000033fa000 	/usr/lib/libc++.1.dylib
0x00000000033fa000 	/usr/lib/libc++abi.dylib
0x00000000033fa000 	/usr/lib/system/libcache.dylib
0x00000000033fa000 	/usr/lib/system/libcommonCrypto.dylib
0x00000000033fa000 	/usr/lib/system/libcompiler_rt.dylib
0x00000000033fa000 	/usr/lib/system/libcopyfile.dylib
0x00000000033fa000 	/usr/lib/system/libcorecrypto.dylib
0x00000000033fa000 	/usr/lib/system/libdispatch.dylib
0x00000000033fa000 	/usr/lib/system/libdyld.dylib
0x00000000033fa000 	/usr/lib/system/libkeymgr.dylib
0x00000000033fa000 	/usr/lib/system/liblaunch.dylib
0x00000000033fa000 	/usr/lib/system/libmacho.dylib
0x00000000033fa000 	/usr/lib/system/libquarantine.dylib
0x00000000033fa000 	/usr/lib/system/libremovefile.dylib
0x00000000033fa000 	/usr/lib/system/libsystem_asl.dylib
0x00000000033fa000 	/usr/lib/system/libsystem_blocks.dylib
0x00000000033fa000 	/usr/lib/system/libsystem_c.dylib
0x00000000033fa000 	/usr/lib/system/libsystem_configuration.dylib
0x00000000033fa000 	/usr/lib/system/libsystem_coreservices.dylib
0x00000000033fa000 	/usr/lib/system/libsystem_coretls.dylib
0x00000000033fa000 	/usr/lib/system/libsystem_dnssd.dylib
0x00000000033fa000 	/usr/lib/system/libsystem_info.dylib
0x00000000033fa000 	/usr/lib/system/libsystem_kernel.dylib
0x00000000033fa000 	/usr/lib/system/libsystem_m.dylib
0x00000000033fa000 	/usr/lib/system/libsystem_malloc.dylib
0x00000000033fa000 	/usr/lib/system/libsystem_network.dylib
0x00000000033fa000 	/usr/lib/system/libsystem_networkextension.dylib
0x00000000033fa000 	/usr/lib/system/libsystem_notify.dylib
0x00000000033fa000 	/usr/lib/system/libsystem_platform.dylib
0x00000000033fa000 	/usr/lib/system/libsystem_pthread.dylib
0x00000000033fa000 	/usr/lib/system/libsystem_sandbox.dylib
0x00000000033fa000 	/usr/lib/system/libsystem_secinit.dylib
0x00000000033fa000 	/usr/lib/system/libsystem_stats.dylib
0x00000000033fa000 	/usr/lib/system/libsystem_trace.dylib
0x00000000033fa000 	/usr/lib/system/libunc.dylib
0x00000000033fa000 	/usr/lib/system/libunwind.dylib
0x00000000033fa000 	/usr/lib/system/libxpc.dylib
0x00000000033fa000 	/usr/lib/libbz2.1.0.dylib
0x00000000033fa000 	/usr/lib/liblzma.5.dylib
0x00000000033fa000 	/usr/lib/libbsm.0.dylib
0x00000000033fa000 	/usr/lib/libsqlite3.dylib
0x00000000033fa000 	/usr/lib/system/libkxld.dylib
0x00000000033fa000 	/usr/lib/libxar.1.dylib
0x00000000033fa000 	/usr/lib/libpam.2.dylib
0x00000000033fa000 	/usr/lib/libOpenScriptingUtil.dylib
0x00000000033fa000 	/System/Library/Frameworks/CoreServices.framework/Versions/A/Frameworks/FSEvents.framework/Versions/A/FSEvents
0x00000000033fa000 	/System/Library/Frameworks/CoreServices.framework/Versions/A/Frameworks/CarbonCore.framework/Versions/A/CarbonCore
0x00000000033fa000 	/System/Library/Frameworks/CoreServices.framework/Versions/A/Frameworks/Metadata.framework/Versions/A/Metadata
0x00000000033fa000 	/System/Library/Frameworks/CoreServices.framework/Versions/A/Frameworks/OSServices.framework/Versions/A/OSServices
0x00000000033fa000 	/System/Library/Frameworks/CoreServices.framework/Versions/A/Frameworks/SearchKit.framework/Versions/A/SearchKit
0x00000000033fa000 	/System/Library/Frameworks/CoreServices.framework/Versions/A/Frameworks/AE.framework/Versions/A/AE
0x00000000033fa000 	/System/Library/Frameworks/CoreServices.framework/Versions/A/Frameworks/LaunchServices.framework/Versions/A/LaunchServices
0x00000000033fa000 	/System/Library/Frameworks/CoreServices.framework/Versions/A/Frameworks/DictionaryServices.framework/Versions/A/DictionaryServices
0x00000000033fa000 	/System/Library/Frameworks/NetFS.framework/Versions/A/NetFS
0x00000000033fa000 	/System/Library/PrivateFrameworks/NetAuth.framework/Versions/A/NetAuth
0x00000000033fa000 	/System/Library/PrivateFrameworks/login.framework/Versions/A/Frameworks/loginsupport.framework/Versions/A/loginsupport
0x00000000033fa000 	/System/Library/PrivateFrameworks/TCC.framework/Versions/A/TCC
0x00000000033fa000 	/usr/lib/libmecabra.dylib
0x00000000033fa000 	/System/Library/Frameworks/ApplicationServices.framework/Versions/A/Frameworks/ATS.framework/Versions/A/ATS
0x00000000033fa000 	/System/Library/Frameworks/ApplicationServices.framework/Versions/A/Frameworks/ColorSync.framework/Versions/A/ColorSync
0x00000000033fa000 	/System/Library/Frameworks/ApplicationServices.framework/Versions/A/Frameworks/HIServices.framework/Versions/A/HIServices
0x00000000033fa000 	/System/Library/Frameworks/ApplicationServices.framework/Versions/A/Frameworks/LangAnalysis.framework/Versions/A/LangAnalysis
0x00000000033fa000 	/System/Library/Frameworks/ApplicationServices.framework/Versions/A/Frameworks/PrintCore.framework/Versions/A/PrintCore
0x00000000033fa000 	/System/Library/Frameworks/ApplicationServices.framework/Versions/A/Frameworks/QD.framework/Versions/A/QD
0x00000000033fa000 	/System/Library/Frameworks/ApplicationServices.framework/Versions/A/Frameworks/SpeechSynthesis.framework/Versions/A/SpeechSynthesis
0x00000000033fa000 	/System/Library/Frameworks/Accelerate.framework/Versions/A/Accelerate
0x00000000033fa000 	/System/Library/Frameworks/Accelerate.framework/Versions/A/Frameworks/vImage.framework/Versions/A/vImage
0x00000000033fa000 	/System/Library/Frameworks/Accelerate.framework/Versions/A/Frameworks/vecLib.framework/Versions/A/vecLib
0x00000000033fa000 	/System/Library/Frameworks/Accelerate.framework/Versions/A/Frameworks/vecLib.framework/Versions/A/libvDSP.dylib
0x00000000033fa000 	/System/Library/Frameworks/Accelerate.framework/Versions/A/Frameworks/vecLib.framework/Versions/A/libvMisc.dylib
0x00000000033fa000 	/System/Library/Frameworks/Accelerate.framework/Versions/A/Frameworks/vecLib.framework/Versions/A/libLAPACK.dylib
0x00000000033fa000 	/System/Library/Frameworks/Accelerate.framework/Versions/A/Frameworks/vecLib.framework/Versions/A/libBLAS.dylib
0x00000000033fa000 	/System/Library/Frameworks/Accelerate.framework/Versions/A/Frameworks/vecLib.framework/Versions/A/libLinearAlgebra.dylib
0x00000000033fa000 	/System/Library/Frameworks/ApplicationServices.framework/Versions/A/Frameworks/ATS.framework/Versions/A/Resources/libFontParser.dylib
0x00000000033fa000 	/System/Library/Frameworks/ApplicationServices.framework/Versions/A/Frameworks/ATS.framework/Versions/A/Resources/libFontRegistry.dylib
0x00000000033fa000 	/System/Library/PrivateFrameworks/AppleVPA.framework/Versions/A/AppleVPA
0x00000000033fa000 	/System/Library/PrivateFrameworks/AppleJPEG.framework/Versions/A/AppleJPEG
0x00000000033fa000 	/System/Library/Frameworks/ImageIO.framework/Versions/A/Resources/libJPEG.dylib
0x00000000033fa000 	/System/Library/Frameworks/ImageIO.framework/Versions/A/Resources/libTIFF.dylib
0x00000000033fa000 	/System/Library/Frameworks/ImageIO.framework/Versions/A/Resources/libPng.dylib
0x00000000033fa000 	/System/Library/Frameworks/ImageIO.framework/Versions/A/Resources/libGIF.dylib
0x00000000033fa000 	/System/Library/Frameworks/ImageIO.framework/Versions/A/Resources/libJP2.dylib
0x00000000033fa000 	/System/Library/Frameworks/ImageIO.framework/Versions/A/Resources/libRadiance.dylib
0x00000000033fa000 	/System/Library/Frameworks/CoreVideo.framework/Versions/A/CoreVideo
0x00000000033fa000 	/System/Library/Frameworks/OpenGL.framework/Versions/A/Libraries/libGLU.dylib
0x00000000033fa000 	/System/Library/Frameworks/OpenGL.framework/Versions/A/Libraries/libGFXShared.dylib
0x00000000033fa000 	/System/Library/Frameworks/OpenGL.framework/Versions/A/Libraries/libGL.dylib
0x00000000033fa000 	/System/Library/Frameworks/OpenGL.framework/Versions/A/Libraries/libGLImage.dylib
0x00000000033fa000 	/System/Library/Frameworks/OpenGL.framework/Versions/A/Libraries/libCVMSPluginSupport.dylib
0x00000000033fa000 	/System/Library/Frameworks/OpenGL.framework/Versions/A/Libraries/libCoreVMClient.dylib
0x00000000033fa000 	/usr/lib/libcups.2.dylib
0x00000000033fa000 	/System/Library/Frameworks/Kerberos.framework/Versions/A/Kerberos
0x00000000033fa000 	/System/Library/Frameworks/GSS.framework/Versions/A/GSS
0x00000000033fa000 	/usr/lib/libresolv.9.dylib
0x00000000033fa000 	/usr/lib/libiconv.2.dylib
0x00000000033fa000 	/System/Library/PrivateFrameworks/Heimdal.framework/Versions/A/Heimdal
0x00000000033fa000 	/usr/lib/libheimdal-asn1.dylib
0x00000000033fa000 	/System/Library/Frameworks/OpenDirectory.framework/Versions/A/OpenDirectory
0x00000000033fa000 	/System/Library/PrivateFrameworks/CommonAuth.framework/Versions/A/CommonAuth
0x00000000033fa000 	/System/Library/Frameworks/OpenDirectory.framework/Versions/A/Frameworks/CFOpenDirectory.framework/Versions/A/CFOpenDirectory
0x00000000033fa000 	/System/Library/Frameworks/SecurityFoundation.framework/Versions/A/SecurityFoundation
0x00000000033fa000 	/System/Library/PrivateFrameworks/LanguageModeling.framework/Versions/A/LanguageModeling
0x00000000033fa000 	/usr/lib/libcmph.dylib
0x00000000033fa000 	/System/Library/Frameworks/ServiceManagement.framework/Versions/A/ServiceManagement
0x00000000033fa000 	/usr/lib/libxslt.1.dylib
0x00000000033fa000 	/System/Library/Frameworks/Carbon.framework/Versions/A/Frameworks/Ink.framework/Versions/A/Ink
0x00000000033fa000 	/System/Library/Frameworks/QuartzCore.framework/Versions/A/Frameworks/CoreImage.framework/Versions/A/CoreImage
0x00000000033fa000 	/System/Library/PrivateFrameworks/CrashReporterSupport.framework/Versions/A/CrashReporterSupport
0x00000000033fa000 	/System/Library/Frameworks/OpenCL.framework/Versions/A/OpenCL
0x00000000033fa000 	/System/Library/PrivateFrameworks/FaceCore.framework/Versions/A/FaceCore
0x00000000033fa000 	/System/Library/PrivateFrameworks/Ubiquity.framework/Versions/A/Ubiquity
0x00000000033fa000 	/System/Library/PrivateFrameworks/IconServices.framework/Versions/A/IconServices
0x00000000033fa000 	/System/Library/PrivateFrameworks/ChunkingLibrary.framework/Versions/A/ChunkingLibrary
0x00000000033fa000 	/System/Library/PrivateFrameworks/Apple80211.framework/Versions/A/Apple80211
0x00000000033fa000 	/System/Library/Frameworks/CoreWLAN.framework/Versions/A/CoreWLAN
0x00000000033fa000 	/System/Library/Frameworks/IOBluetooth.framework/Versions/A/IOBluetooth
0x00000000033fa000 	/System/Library/PrivateFrameworks/CoreWiFi.framework/Versions/A/CoreWiFi
0x00000000033fa000 	/System/Library/Frameworks/CoreBluetooth.framework/Versions/A/CoreBluetooth
0x00000000033fa000 	/System/Library/PrivateFrameworks/DebugSymbols.framework/Versions/A/DebugSymbols
0x00000000033fa000 	/System/Library/PrivateFrameworks/CoreSymbolication.framework/Versions/A/CoreSymbolication
0x00000000033fa000 	/System/Library/PrivateFrameworks/Symbolication.framework/Versions/A/Symbolication
0x00000000033fa000 	/System/Library/PrivateFrameworks/SpeechRecognitionCore.framework/Versions/A/SpeechRecognitionCore
0x0000000106000000 	/Library/Java/JavaVirtualMachines/jdk1.8.0_20.jdk/Contents/Home/jre/lib/server/libjvm.dylib
0x00000000033fa000 	/usr/lib/libstdc++.6.dylib
0x000000010701e000 	/Library/Java/JavaVirtualMachines/jdk1.8.0_20.jdk/Contents/Home/jre/lib/libverify.dylib
0x000000010702c000 	/Library/Java/JavaVirtualMachines/jdk1.8.0_20.jdk/Contents/Home/jre/lib/libjava.dylib
0x0000000107068000 	/Library/Java/JavaVirtualMachines/jdk1.8.0_20.jdk/Contents/Home/jre/lib/libzip.dylib
0x000000011ab7c000 	/System/Library/Frameworks/JavaVM.framework/Frameworks/JavaRuntimeSupport.framework/JavaRuntimeSupport
0x000000011ab94000 	/System/Library/Frameworks/JavaVM.framework/Versions/A/Frameworks/JavaNativeFoundation.framework/Versions/A/JavaNativeFoundation
0x000000011aba9000 	/System/Library/Frameworks/JavaVM.framework/Versions/A/JavaVM
0x00000000033fa000 	/System/Library/Frameworks/Carbon.framework/Versions/A/Carbon
0x000000011abb6000 	/System/Library/PrivateFrameworks/JavaLaunching.framework/Versions/A/JavaLaunching
0x00000000033fa000 	/System/Library/Frameworks/Carbon.framework/Versions/A/Frameworks/CommonPanels.framework/Versions/A/CommonPanels
0x00000000033fa000 	/System/Library/Frameworks/Carbon.framework/Versions/A/Frameworks/Help.framework/Versions/A/Help
0x00000000033fa000 	/System/Library/Frameworks/Carbon.framework/Versions/A/Frameworks/ImageCapture.framework/Versions/A/ImageCapture
0x00000000033fa000 	/System/Library/Frameworks/Carbon.framework/Versions/A/Frameworks/OpenScripting.framework/Versions/A/OpenScripting
0x00000000033fa000 	/System/Library/Frameworks/Carbon.framework/Versions/A/Frameworks/Print.framework/Versions/A/Print
0x00000000033fa000 	/System/Library/Frameworks/Carbon.framework/Versions/A/Frameworks/SecurityHI.framework/Versions/A/SecurityHI
0x000000011ca1d000 	/Library/Java/JavaVirtualMachines/jdk1.8.0_20.jdk/Contents/Home/jre/lib/libawt.dylib
0x000000011cacc000 	/Library/Java/JavaVirtualMachines/jdk1.8.0_20.jdk/Contents/Home/jre/lib/./libmlib_image.dylib
0x000000011cb98000 	/Library/Java/JavaVirtualMachines/jdk1.8.0_20.jdk/Contents/Home/jre/lib/libawt_lwawt.dylib
0x000000011cc4b000 	/Library/Java/JavaVirtualMachines/jdk1.8.0_20.jdk/Contents/Home/jre/lib/./libosxapp.dylib
0x00000000033fa000 	/System/Library/Frameworks/ExceptionHandling.framework/Versions/A/ExceptionHandling
0x00000000033fa000 	/System/Library/PrivateFrameworks/CoreServicesInternal.framework/Versions/A/CoreServicesInternal
0x00000000033fa000 	/System/Library/PrivateFrameworks/CloudDocs.framework/Versions/A/CloudDocs
0x00000000033fa000 	/System/Library/PrivateFrameworks/CoreDuet.framework/Versions/A/CoreDuet
0x00000000033fa000 	/System/Library/Frameworks/CloudKit.framework/Versions/A/CloudKit
0x00000000033fa000 	/System/Library/PrivateFrameworks/ProtocolBuffer.framework/Versions/A/ProtocolBuffer
0x00000000033fa000 	/System/Library/PrivateFrameworks/CoreDuetDaemonProtocol.framework/Versions/A/CoreDuetDaemonProtocol
0x00000000033fa000 	/System/Library/PrivateFrameworks/CoreDuetDebugLogging.framework/Versions/A/CoreDuetDebugLogging
0x00000000033fa000 	/System/Library/Frameworks/CoreLocation.framework/Versions/A/CoreLocation
0x00000000033fa000 	/System/Library/Frameworks/Accounts.framework/Versions/A/Accounts
0x00000000033fa000 	/System/Library/PrivateFrameworks/ApplePushService.framework/Versions/A/ApplePushService
0x00000000033fa000 	/System/Library/PrivateFrameworks/GeoServices.framework/Versions/A/GeoServices
0x00000000033fa000 	/System/Library/PrivateFrameworks/OAuth.framework/Versions/A/OAuth
0x00000000033fa000 	/System/Library/PrivateFrameworks/CoreDaemon.framework/Versions/B/CoreDaemon
0x00000000033fa000 	/usr/lib/libcrypto.0.9.8.dylib
0x00000000033fa000 	/System/Library/PrivateFrameworks/AppleSRP.framework/Versions/A/AppleSRP
0x00000000033fa000 	/System/Library/PrivateFrameworks/TrustEvaluationAgent.framework/Versions/A/TrustEvaluationAgent
0x00000000033fa000 	/System/Library/Frameworks/CoreGraphics.framework/Versions/A/Resources/libCGCMS.A.dylib
0x00000000033fa000 	/System/Library/Frameworks/CoreGraphics.framework/Versions/A/Resources/libRIP.A.dylib
0x00000000033fa000 	/System/Library/Frameworks/CoreGraphics.framework/Versions/A/Resources/libCGXType.A.dylib
0x00000000033fa000 	/System/Library/Frameworks/OpenCL.framework/Versions/A/Libraries/libcldcpuengine.dylib
0x00000000033fa000 	/System/Library/PrivateFrameworks/DiskImages.framework/Versions/A/DiskImages
0x00000000033fa000 	/System/Library/Frameworks/DiscRecording.framework/Versions/A/DiscRecording
0x00000000033fa000 	/usr/lib/libcsfde.dylib
0x00000000033fa000 	/usr/lib/libcurl.4.dylib
0x00000000033fa000 	/System/Library/PrivateFrameworks/MediaKit.framework/Versions/A/MediaKit
0x00000000033fa000 	/System/Library/PrivateFrameworks/ProtectedCloudStorage.framework/Versions/A/ProtectedCloudStorage
0x00000000033fa000 	/usr/lib/libCoreStorage.dylib
0x00000000033fa000 	/System/Library/PrivateFrameworks/EFILogin.framework/Versions/A/EFILogin
0x00000000033fa000 	/usr/lib/libutil.dylib
0x00000000033fa000 	/System/Library/PrivateFrameworks/FindMyDevice.framework/Versions/A/FindMyDevice
0x00000000033fa000 	/System/Library/Frameworks/LDAP.framework/Versions/A/LDAP
0x00000000033fa000 	/usr/lib/libsasl2.2.dylib
0x00000001205a4000 	cl_kernels
0x00000001205a6000 	/System/Library/Frameworks/OpenCL.framework/Versions/A/Libraries/ImageFormats/unorm8_bgra.dylib
0x0000000120595000 	cl_kernels
0x00000000033fa000 	/System/Library/PrivateFrameworks/FamilyControls.framework/Versions/A/FamilyControls
0x00000000033fa000 	/System/Library/PrivateFrameworks/CommerceKit.framework/Versions/A/Frameworks/CommerceCore.framework/Versions/A/CommerceCore
0x00000000033fa000 	/System/Library/PrivateFrameworks/SystemAdministration.framework/Versions/A/SystemAdministration
0x00000000033fa000 	/System/Library/PrivateFrameworks/AppContainer.framework/Versions/A/AppContainer
0x00000000033fa000 	/System/Library/PrivateFrameworks/SecCodeWrapper.framework/Versions/A/SecCodeWrapper
0x00000000033fa000 	/System/Library/Frameworks/DirectoryService.framework/Versions/A/DirectoryService
0x00000000033fa000 	/System/Library/PrivateFrameworks/LoginUIKit.framework/Versions/A/Frameworks/LoginUICore.framework/Versions/A/LoginUICore
0x00000000033fa000 	/usr/lib/libodfde.dylib
0x000000012176c000 	/Library/Java/JavaVirtualMachines/jdk1.8.0_20.jdk/Contents/Home/jre/lib/libfontmanager.dylib
0x00000001217d2000 	/Users/Ben/Desktop/workspace/Sandbox/lwjgl-2.9.1/native/macosx/liblwjgl.jnilib
0x000000011fad9000 	/Library/Java/JavaVirtualMachines/jdk1.8.0_20.jdk/Contents/Home/jre/lib/libjawt.dylib
0x00000000033fa000 	/System/Library/Frameworks/OpenGL.framework/Versions/A/Resources/GLEngine.bundle/GLEngine
0x00000000033fa000 	/System/Library/Frameworks/OpenGL.framework/Versions/A/Libraries/libGLProgrammability.dylib
0x0000000000000000 	/System/Library/Extensions/AppleIntelHD4000GraphicsGLDriver.bundle/Contents/MacOS/AppleIntelHD4000GraphicsGLDriver
0x00000000033fa000 	/System/Library/PrivateFrameworks/IOAccelerator.framework/Versions/A/IOAccelerator
0x00000000033fa000 	/System/Library/PrivateFrameworks/GPUSupport.framework/Versions/A/Libraries/libGPUSupportMercury.dylib
0x00000000033fa000 	/System/Library/Frameworks/OpenGL.framework/Versions/A/Resources/GLRendererFloat.bundle/GLRendererFloat
0x0000000125d77000 	/Library/Java/JavaVirtualMachines/jdk1.8.0_20.jdk/Contents/Home/jre/lib/libnet.dylib

VM Arguments:
jvm_args: -Djava.library.path=/Users/Ben/Desktop/workspace/Sandbox/native/macosx:/Users/Ben/Desktop/workspace/Sandbox/lwjgl-2.9.1/native/macosx -Dfile.encoding=UTF-8 
java_command: engineTester.MainGameLoop
java_class_path (initial): /Users/Ben/Desktop/workspace/Sandbox/bin:/Users/Ben/Desktop/workspace/Sandbox/slick-util.jar:/Users/Ben/Desktop/workspace/Sandbox/lwjgl-2.9.1/jar/lwjgl.jar:/Users/Ben/Desktop/workspace/Sandbox/lwjgl-2.9.1/jar/lwjgl_util.jar:/Users/Ben/Desktop/workspace/Sandbox/lwjgl-2.9.1/jar/PNGDecoder.jar
Launcher Type: SUN_STANDARD

Environment Variables:
PATH=/usr/bin:/bin:/usr/sbin:/sbin
SHELL=/bin/bash
DISPLAY=/private/tmp/com.apple.launchd.7InTvLpvOp/org.macosforge.xquartz:0

Signal Handlers:
SIGSEGV: [libjvm.dylib+0x578fd7], sa_mask[0]=11111111011111110111111111111111, sa_flags=SA_ONSTACK|SA_RESTART|SA_SIGINFO
SIGBUS: [libjvm.dylib+0x578fd7], sa_mask[0]=11111111011111110111111111111111, sa_flags=SA_RESTART|SA_SIGINFO
SIGFPE: [libjvm.dylib+0x45ab0c], sa_mask[0]=11111111011111110111111111111111, sa_flags=SA_RESTART|SA_SIGINFO
SIGPIPE: [libjvm.dylib+0x45ab0c], sa_mask[0]=11111111011111110111111111111111, sa_flags=SA_RESTART|SA_SIGINFO
SIGXFSZ: [libjvm.dylib+0x45ab0c], sa_mask[0]=11111111011111110111111111111111, sa_flags=SA_RESTART|SA_SIGINFO
SIGILL: [libjvm.dylib+0x45ab0c], sa_mask[0]=11111111011111110111111111111111, sa_flags=SA_RESTART|SA_SIGINFO
SIGUSR1: SIG_DFL, sa_mask[0]=00000000000000000000000000000000, sa_flags=none
SIGUSR2: [libjvm.dylib+0x45a62a], sa_mask[0]=00100000000000000000000000000000, sa_flags=SA_RESTART|SA_SIGINFO
SIGHUP: [libjvm.dylib+0x458bfd], sa_mask[0]=11111111011111110111111111111111, sa_flags=SA_RESTART|SA_SIGINFO
SIGINT: [libjvm.dylib+0x458bfd], sa_mask[0]=11111111011111110111111111111111, sa_flags=SA_RESTART|SA_SIGINFO
SIGTERM: [libjvm.dylib+0x458bfd], sa_mask[0]=11111111011111110111111111111111, sa_flags=SA_RESTART|SA_SIGINFO
SIGQUIT: [libjvm.dylib+0x458bfd], sa_mask[0]=11111111011111110111111111111111, sa_flags=SA_RESTART|SA_SIGINFO


---------------  S Y S T E M  ---------------

OS:Bsduname:Darwin 14.1.0 Darwin Kernel Version 14.1.0: Mon Dec 22 23:10:38 PST 2014; root:xnu-2782.10.72~2/RELEASE_X86_64 x86_64
rlimit: STACK 8192k, CORE 0k, NPROC 709, NOFILE 10240, AS infinity
load average:1.80 1.72 1.70

CPU:total 4 (2 cores per cpu, 2 threads per core) family 6 model 58 stepping 9, cmov, cx8, fxsr, mmx, sse, sse2, sse3, ssse3, sse4.1, sse4.2, popcnt, avx, aes, clmul, erms, ht, tsc, tscinvbit, tscinv

Memory: 4k page, physical 4194304k(807880k free)

/proc/meminfo:


vm_info: Java HotSpot(TM) 64-Bit Server VM (25.20-b23) for bsd-amd64 JRE (1.8.0_20-b26), built on Jul 30 2014 13:37:47 by "java_re" with gcc 4.2.1 (Based on Apple Inc. build 5658) (LLVM build 2336.9.00)

time: Fri Jul 31 23:39:03 2015
elapsed time: 36 seconds (0d 0h 0m 36s)

