#
# A fatal error has been detected by the Java Runtime Environment:
#
#  SIGSEGV (0xb) at pc=0x00007fff9275a0dd, pid=5280, tid=1811
#
# JRE version: Java(TM) SE Runtime Environment (8.0_20-b26) (build 1.8.0_20-b26)
# Java VM: Java HotSpot(TM) 64-Bit Server VM (25.20-b23 mixed mode bsd-amd64 compressed oops)
# Problematic frame:
# C  [libobjc.A.dylib+0x10dd]  objc_msgSend+0x1d
#
# Failed to write core dump. Core dumps have been disabled. To enable core dumping, try "ulimit -c unlimited" before starting Java again
#
# If you would like to submit a bug report, please visit:
#   http://bugreport.sun.com/bugreport/crash.jsp
# The crash happened outside the Java Virtual Machine in native code.
# See problematic frame for where to report the bug.
#

---------------  T H R E A D  ---------------

Current thread (0x00007f93d2897000):  JavaThread "AppKit Thread" daemon [_thread_in_native, id=1811, stack(0x00007fff52a6d000,0x00007fff5326d000)]

siginfo: si_signo: 11 (SIGSEGV), si_code: 1 (SEGV_MAPERR), si_addr: 0x0000000000000018

Registers:
RAX=0x00007fff75960b08, RBX=0xffff806c2e0fac01, RCX=0xffff806c2e0fac40, RDX=0x00007f93d1c1dd80
RSP=0x00007fff53268308, RBP=0x00007fff53268360, RSI=0x00007fff8691e154, RDI=0x00007f93d1f053c0
R8 =0x000000000000001f, R9 =0x00007f93d1f053c0, R10=0x00007fff8691e154, R11=0x0000000000000000
R12=0x00007fff75962910, R13=0x00007fff75962900, R14=0x00007f93d1f053c0, R15=0x0000000000000001
RIP=0x00007fff9275a0dd, EFLAGS=0x0000000000010246, ERR=0x0000000000000004
  TRAPNO=0x000000000000000e

Top of Stack: (sp=0x00007fff53268308)
0x00007fff53268308:   00007fff9277a786 00007fff751f5c78
0x00007fff53268318:   ffff806c2e0fac40 ffff806c2e0fac40
0x00007fff53268328:   00007f93d1c1de40 00007f93d1c1de40
0x00007fff53268338:   0000000000000a80 00007f93d1f053c0
0x00007fff53268348:   0000000000000001 00007fff75961e80
0x00007fff53268358:   00007fff75962900 00007fff532683d0
0x00007fff53268368:   00007fff9277a85a 00007fff532683b0
0x00007fff53268378:   00007fff8e4b4021 0000000000000000
0x00007fff53268388:   00007f93d1f053c0 00007fff750e3600
0x00007fff53268398:   00007f93d1d9d120 00007f93d1d9d200
0x00007fff532683a8:   00000000000000f8 00007fff750e3600
0x00007fff532683b8:   00007fff9275a0c0 00007f93d1d74460
0x00007fff532683c8:   00007f93d1d9d200 00007fff53268420
0x00007fff532683d8:   00007fff8d940ec2 00007f93d1d9d120
0x00007fff532683e8:   0000006c000015fe 00007f93d1d9d180
0x00007fff532683f8:   00000000000015fe 00007f93d1e5a110
0x00007fff53268408:   00007f93d1d9d120 0000000000000060
0x00007fff53268418:   00007fff9275a0c0 00007fff53268520
0x00007fff53268428:   00007fff8d940878 0000000000000000
0x00007fff53268438:   4086800000000000 4094000000000000
0x00007fff53268448:   4036000000000000 00007f93d1c55c40
0x00007fff53268458:   000000010c9ad000 00007fff53268500
0x00007fff53268468:   00007fff8641e4ff 00007f93d1e5ff70
0x00007fff53268478:   00007f93d1c55c40 00007fff532684a0
0x00007fff53268488:   00007f93d1c55c40 00007f93d1d9cff8
0x00007fff53268498:   00007fff9166add4 4054000000000000
0x00007fff532684a8:   4056800000000000 4094000000000000
0x00007fff532684b8:   4087300000000000 00007f93d1d9ca90
0x00007fff532684c8:   00007f93d1d9d100 0000000000000000
0x00007fff532684d8:   0000000000000000 4094000000000000
0x00007fff532684e8:   4036000000000000 00007fff75963490
0x00007fff532684f8:   0000000000000060 00007fff75529070 

Instructions: (pc=0x00007fff9275a0dd)
0x00007fff9275a0bd:   00 00 00 48 85 ff 2e 74 7a 40 f6 c7 01 2e 75 7e
0x00007fff9275a0cd:   49 bb f8 ff ff ff ff 7f 00 00 4c 23 1f 49 89 f2
0x00007fff9275a0dd:   45 23 53 18 49 c1 e2 04 4d 03 53 10 49 3b 32 75
0x00007fff9275a0ed:   04 41 ff 62 08 49 83 3a 00 74 6a 4d 3b 53 10 74 

Register to memory mapping:

RAX=0x00007fff75960b08: SEL_dealloc+0 in /usr/lib/libobjc.A.dylib at 0x00007fff92759000
RBX=0xffff806c2e0fac01 is an unknown value
RCX=0xffff806c2e0fac40 is an unknown value
RDX=0x00007f93d1c1dd80 is an unknown value
RSP=0x00007fff53268308 is pointing into the stack for thread: 0x00007f93d2897000
RBP=0x00007fff53268360 is pointing into the stack for thread: 0x00007f93d2897000
RSI=0x00007fff8691e154 is an unknown value
RDI=0x00007f93d1f053c0 is an unknown value
R8 =0x000000000000001f is an unknown value
R9 =0x00007f93d1f053c0 is an unknown value
R10=0x00007fff8691e154 is an unknown value
R11=0x0000000000000000 is an unknown value
R12=0x00007fff75962910: _ZN12_GLOBAL__N_19SideTable9table_bufE+0xa90 in /usr/lib/libobjc.A.dylib at 0x00007fff92759000
R13=0x00007fff75962900: _ZN12_GLOBAL__N_19SideTable9table_bufE+0xa80 in /usr/lib/libobjc.A.dylib at 0x00007fff92759000
R14=0x00007f93d1f053c0 is an unknown value
R15=0x0000000000000001 is an unknown value


Stack: [0x00007fff52a6d000,0x00007fff5326d000],  sp=0x00007fff53268308,  free space=8172k
Native frames: (J=compiled Java code, j=interpreted, Vv=VM code, C=native code)
C  [libobjc.A.dylib+0x10dd]  objc_msgSend+0x1d
C  [libobjc.A.dylib+0x2185a]  objc_object::sidetable_release(bool)+0xaa
C  [AppKit+0x136ec2]  -[NSWindow(NSPersistentUISupport) _setLastDragRegion:]+0xe5
C  [AppKit+0x136878]  -[NSFrameView _resetDragMargins]+0x2f2
C  [AppKit+0x5230a]  -[NSThemeFrame _resetDragMargins]+0xd0
C  [AppKit+0x4e599]  -[NSThemeFrame _tileTitlebarAndRedisplay:]+0x427
C  [AppKit+0x61023]  -[NSTitledFrame _titleDidChange]+0xd9
C  [AppKit+0x5e650]  -[NSTitledFrame setTitle:]+0x4b9
C  [AppKit+0x5e0ea]  -[NSThemeFrame setTitle:]+0x2f
C  [AppKit+0x5ded3]  -[NSWindow _dosetTitle:andDefeatWrap:]+0x13f
C  [Foundation+0x65cdc]  __NSThreadPerformPerform+0x125
C  [CoreFoundation+0x80681]  __CFRUNLOOP_IS_CALLING_OUT_TO_A_SOURCE0_PERFORM_FUNCTION__+0x11
C  [CoreFoundation+0x7280d]  __CFRunLoopDoSources0+0x10d
C  [CoreFoundation+0x71e3f]  __CFRunLoopRun+0x39f
C  [CoreFoundation+0x71858]  CFRunLoopRunSpecific+0x128
C  [HIToolbox+0x2eaef]  RunCurrentEventLoopInMode+0xeb
C  [HIToolbox+0x2e86a]  ReceiveNextEventCommon+0x1af
C  [HIToolbox+0x2e6ab]  _BlockUntilNextEventMatchingListInModeWithFilter+0x47
C  [AppKit+0x23f81]  _DPSNextEvent+0x3c4
C  [AppKit+0x23730]  -[NSApplication nextEventMatchingMask:untilDate:inMode:dequeue:]+0xc2
C  [libosxapp.dylib+0x242a]  -[NSApplicationAWT nextEventMatchingMask:untilDate:inMode:dequeue:]+0x7c
C  [AppKit+0x17593]  -[NSApplication run]+0x252
C  [libosxapp.dylib+0x223e]  +[NSApplicationAWT runAWTLoopWithApp:]+0x9c
C  [libawt_lwawt.dylib+0x4494f]  -[AWTStarter starter:]+0x389
C  [Foundation+0x65cdc]  __NSThreadPerformPerform+0x125
C  [CoreFoundation+0x80681]  __CFRUNLOOP_IS_CALLING_OUT_TO_A_SOURCE0_PERFORM_FUNCTION__+0x11
C  [CoreFoundation+0x7280d]  __CFRunLoopDoSources0+0x10d
C  [CoreFoundation+0x71e3f]  __CFRunLoopRun+0x39f
C  [CoreFoundation+0x71858]  CFRunLoopRunSpecific+0x128
C  [java+0x56cc]  CreateExecutionEnvironment+0x367
C  [java+0x165c]  JLI_Launch+0x7a0
C  [java+0x768a]  main+0x65
C  [java+0xeb4]  start+0x34
C  0x0000000000000006


---------------  P R O C E S S  ---------------

Java Threads: ( => current thread )
  0x00007f93d3080000 JavaThread "AWT-Shutdown" [_thread_blocked, id=29703, stack(0x00000001a62b0000,0x00000001a63b0000)]
=>0x00007f93d2897000 JavaThread "AppKit Thread" daemon [_thread_in_native, id=1811, stack(0x00007fff52a6d000,0x00007fff5326d000)]
  0x00007f93d282b800 JavaThread "Service Thread" daemon [_thread_blocked, id=18435, stack(0x00000001a3c85000,0x00000001a3d85000)]
  0x00007f93d2823000 JavaThread "C1 CompilerThread2" daemon [_thread_blocked, id=17923, stack(0x00000001a3b82000,0x00000001a3c82000)]
  0x00007f93d2822000 JavaThread "C2 CompilerThread1" daemon [_thread_in_native, id=17411, stack(0x00000001a3a7f000,0x00000001a3b7f000)]
  0x00007f93d2814000 JavaThread "C2 CompilerThread0" daemon [_thread_blocked, id=16899, stack(0x00000001a397c000,0x00000001a3a7c000)]
  0x00007f93d3828000 JavaThread "Signal Dispatcher" daemon [_thread_blocked, id=13847, stack(0x00000001a3879000,0x00000001a3979000)]
  0x00007f93d3800000 JavaThread "Finalizer" daemon [_thread_blocked, id=12035, stack(0x00000001a1f32000,0x00000001a2032000)]
  0x00007f93d3006000 JavaThread "Reference Handler" daemon [_thread_blocked, id=11523, stack(0x00000001a1e2f000,0x00000001a1f2f000)]
  0x00007f93d200a000 JavaThread "main" [_thread_in_native, id=5379, stack(0x000000010caa9000,0x000000010cba9000)]

Other Threads:
  0x00007f93d3003000 VMThread [stack: 0x00000001a1d2c000,0x00000001a1e2c000] [id=11011]
  0x00007f93d280a000 WatcherThread [stack: 0x00000001a3d88000,0x00000001a3e88000] [id=18947]

VM state:not at safepoint (normal execution)

VM Mutex/Monitor currently owned by a thread: None

Heap:
 PSYoungGen      total 18944K, used 6163K [0x0000000148500000, 0x0000000149a00000, 0x000000015da00000)
  eden space 16384K, 37% used [0x0000000148500000,0x0000000148b04ff0,0x0000000149500000)
  from space 2560K, 0% used [0x0000000149780000,0x0000000149780000,0x0000000149a00000)
  to   space 2560K, 0% used [0x0000000149500000,0x0000000149500000,0x0000000149780000)
 ParOldGen       total 44032K, used 0K [0x000000011da00000, 0x0000000120500000, 0x0000000148500000)
  object space 44032K, 0% used [0x000000011da00000,0x000000011da00000,0x0000000120500000)
 Metaspace       used 5709K, capacity 5809K, committed 6016K, reserved 1056768K
  class space    used 567K, capacity 597K, committed 640K, reserved 1048576K

Card table byte_map: [0x000000015da00000,0x000000015dc01000] byte_map_base: 0x000000015d113000

Marking Bits: (ParMarkBitMap*) 0x000000010dc9c330
 Begin Bits: [0x000000015e060000, 0x000000015f060000)
 End Bits:   [0x000000015f060000, 0x0000000160060000)

Polling page: 0x000000010cbed000

CodeCache: size=245760Kb used=1891Kb max_used=1891Kb free=243868Kb
 bounds [0x000000010e31b000, 0x000000010e58b000, 0x000000011d31b000]
 total_blobs=759 nmethods=396 adapters=278
 compilation: enabled

Compilation events (10 events):
Event: 0.779 Thread 0x00007f93d2823000  382       3       sun.nio.cs.Surrogate$Parser::<init> (12 bytes)
Event: 0.779 Thread 0x00007f93d2823000 nmethod 382 0x000000010e4e9e10 code [0x000000010e4e9f80, 0x000000010e4ea150]
Event: 0.779 Thread 0x00007f93d2823000  383       3       sun.nio.cs.ISO_8859_1$Encoder::encodeLoop (28 bytes)
Event: 0.780 Thread 0x00007f93d2823000 nmethod 383 0x000000010e4ea210 code [0x000000010e4ea3c0, 0x000000010e4ea8f8]
Event: 0.780 Thread 0x00007f93d2823000  386       3       java.util.HashSet::contains (9 bytes)
Event: 0.781 Thread 0x00007f93d2823000 nmethod 386 0x000000010e4eaa50 code [0x000000010e4eabe0, 0x000000010e4eb0d8]
Event: 0.794 Thread 0x00007f93d2823000  387       3       java.net.URLStreamHandler::setURL (40 bytes)
Event: 0.795 Thread 0x00007f93d2823000 nmethod 387 0x000000010e4eb290 code [0x000000010e4eb420, 0x000000010e4eb7d8]
Event: 0.795 Thread 0x00007f93d2823000  388   !   3       java.net.URL::set (114 bytes)
Event: 0.796 Thread 0x00007f93d2823000 nmethod 388 0x000000010e4eb950 code [0x000000010e4ebb40, 0x000000010e4ec698]

GC Heap History (0 events):
No events

Deoptimization events (0 events):
No events

Internal exceptions (10 events):
Event: 0.661 Thread 0x00007f93d200a000 Exception <a 'java/security/PrivilegedActionException'> (0x00000001489e66b0) thrown at [/HUDSON3/workspace/8-2-build-macosx-x86_64/jdk8u20/1074/hotspot/src/share/vm/prims/jvm.cpp, line 1275]
Event: 0.662 Thread 0x00007f93d200a000 Exception <a 'java/security/PrivilegedActionException'> (0x00000001489eab18) thrown at [/HUDSON3/workspace/8-2-build-macosx-x86_64/jdk8u20/1074/hotspot/src/share/vm/prims/jvm.cpp, line 1275]
Event: 0.663 Thread 0x00007f93d200a000 Exception <a 'java/security/PrivilegedActionException'> (0x00000001489f16a8) thrown at [/HUDSON3/workspace/8-2-build-macosx-x86_64/jdk8u20/1074/hotspot/src/share/vm/prims/jvm.cpp, line 1275]
Event: 0.664 Thread 0x00007f93d200a000 Exception <a 'java/security/PrivilegedActionException'> (0x00000001489f5850) thrown at [/HUDSON3/workspace/8-2-build-macosx-x86_64/jdk8u20/1074/hotspot/src/share/vm/prims/jvm.cpp, line 1275]
Event: 0.667 Thread 0x00007f93d200a000 Exception <a 'java/security/PrivilegedActionException'> (0x00000001489f9c98) thrown at [/HUDSON3/workspace/8-2-build-macosx-x86_64/jdk8u20/1074/hotspot/src/share/vm/prims/jvm.cpp, line 1275]
Event: 0.680 Thread 0x00007f93d200a000 Exception <a 'java/security/PrivilegedActionException'> (0x0000000148a1d550) thrown at [/HUDSON3/workspace/8-2-build-macosx-x86_64/jdk8u20/1074/hotspot/src/share/vm/prims/jvm.cpp, line 1275]
Event: 0.682 Thread 0x00007f93d200a000 Exception <a 'java/security/PrivilegedActionException'> (0x0000000148a25ce8) thrown at [/HUDSON3/workspace/8-2-build-macosx-x86_64/jdk8u20/1074/hotspot/src/share/vm/prims/jvm.cpp, line 1275]
Event: 0.689 Thread 0x00007f93d200a000 Exception <a 'java/security/PrivilegedActionException'> (0x0000000148a618a0) thrown at [/HUDSON3/workspace/8-2-build-macosx-x86_64/jdk8u20/1074/hotspot/src/share/vm/prims/jvm.cpp, line 1275]
Event: 0.783 Thread 0x00007f93d200a000 Exception <a 'java/security/PrivilegedActionException'> (0x0000000148abc348) thrown at [/HUDSON3/workspace/8-2-build-macosx-x86_64/jdk8u20/1074/hotspot/src/share/vm/prims/jvm.cpp, line 1275]
Event: 0.794 Thread 0x00007f93d200a000 Exception <a 'java/security/PrivilegedActionException'> (0x0000000148ac1018) thrown at [/HUDSON3/workspace/8-2-build-macosx-x86_64/jdk8u20/1074/hotspot/src/share/vm/prims/jvm.cpp, line 1275]

Events (10 events):
Event: 0.679 loading class org/lwjgl/BufferChecks
Event: 0.679 loading class org/lwjgl/BufferChecks done
Event: 0.682 loading class org/lwjgl/opengl/GL30
Event: 0.682 loading class org/lwjgl/opengl/GL30 done
Event: 0.689 loading class org/lwjgl/opengl/Util
Event: 0.689 loading class org/lwjgl/opengl/Util done
Event: 0.783 loading class org/lwjgl/opengl/ReferencesStack
Event: 0.783 loading class org/lwjgl/opengl/ReferencesStack done
Event: 0.794 loading class org/lwjgl/input/Controllers
Event: 0.794 loading class org/lwjgl/input/Controllers done


Dynamic libraries:
0x00000000033fa000 	/System/Library/Frameworks/Cocoa.framework/Versions/A/Cocoa
0x00000000033fa000 	/System/Library/Frameworks/Security.framework/Versions/A/Security
0x00000000033fa000 	/System/Library/Frameworks/ApplicationServices.framework/Versions/A/ApplicationServices
0x00000000033fa000 	/usr/lib/libz.1.dylib
0x00000000033fa000 	/usr/lib/libSystem.B.dylib
0x00000000033fa000 	/usr/lib/libobjc.A.dylib
0x00000000033fa000 	/System/Library/Frameworks/CoreFoundation.framework/Versions/A/CoreFoundation
0x00000000033fa000 	/System/Library/Frameworks/Foundation.framework/Versions/C/Foundation
0x00000000033fa000 	/System/Library/Frameworks/AppKit.framework/Versions/C/AppKit
0x00000000033fa000 	/System/Library/Frameworks/CoreData.framework/Versions/A/CoreData
0x00000000033fa000 	/System/Library/PrivateFrameworks/RemoteViewServices.framework/Versions/A/RemoteViewServices
0x00000000033fa000 	/System/Library/PrivateFrameworks/UIFoundation.framework/Versions/A/UIFoundation
0x00000000033fa000 	/System/Library/Frameworks/IOSurface.framework/Versions/A/IOSurface
0x00000000033fa000 	/System/Library/Frameworks/AudioToolbox.framework/Versions/A/AudioToolbox
0x00000000033fa000 	/System/Library/Frameworks/AudioUnit.framework/Versions/A/AudioUnit
0x00000000033fa000 	/System/Library/PrivateFrameworks/DataDetectorsCore.framework/Versions/A/DataDetectorsCore
0x00000000033fa000 	/System/Library/PrivateFrameworks/DesktopServicesPriv.framework/Versions/A/DesktopServicesPriv
0x00000000033fa000 	/System/Library/Frameworks/Carbon.framework/Versions/A/Frameworks/HIToolbox.framework/Versions/A/HIToolbox
0x00000000033fa000 	/System/Library/Frameworks/QuartzCore.framework/Versions/A/QuartzCore
0x00000000033fa000 	/System/Library/Frameworks/Carbon.framework/Versions/A/Frameworks/SpeechRecognition.framework/Versions/A/SpeechRecognition
0x00000000033fa000 	/usr/lib/libauto.dylib
0x00000000033fa000 	/usr/lib/libicucore.A.dylib
0x00000000033fa000 	/usr/lib/libxml2.2.dylib
0x00000000033fa000 	/System/Library/PrivateFrameworks/CoreUI.framework/Versions/A/CoreUI
0x00000000033fa000 	/System/Library/Frameworks/CoreAudio.framework/Versions/A/CoreAudio
0x00000000033fa000 	/System/Library/Frameworks/DiskArbitration.framework/Versions/A/DiskArbitration
0x00000000033fa000 	/usr/lib/liblangid.dylib
0x00000000033fa000 	/System/Library/PrivateFrameworks/MultitouchSupport.framework/Versions/A/MultitouchSupport
0x00000000033fa000 	/System/Library/Frameworks/IOKit.framework/Versions/A/IOKit
0x00000000033fa000 	/usr/lib/libDiagnosticMessagesClient.dylib
0x00000000033fa000 	/System/Library/Frameworks/CoreServices.framework/Versions/A/CoreServices
0x00000000033fa000 	/System/Library/PrivateFrameworks/PerformanceAnalysis.framework/Versions/A/PerformanceAnalysis
0x00000000033fa000 	/System/Library/PrivateFrameworks/GenerationalStorage.framework/Versions/A/GenerationalStorage
0x00000000033fa000 	/System/Library/Frameworks/OpenGL.framework/Versions/A/OpenGL
0x00000000033fa000 	/System/Library/PrivateFrameworks/Sharing.framework/Versions/A/Sharing
0x00000000033fa000 	/System/Library/Frameworks/CoreGraphics.framework/Versions/A/CoreGraphics
0x00000000033fa000 	/System/Library/Frameworks/CoreText.framework/Versions/A/CoreText
0x00000000033fa000 	/System/Library/Frameworks/ImageIO.framework/Versions/A/ImageIO
0x00000000033fa000 	/usr/lib/libextension.dylib
0x00000000033fa000 	/System/Library/PrivateFrameworks/Backup.framework/Versions/A/Backup
0x00000000033fa000 	/usr/lib/libarchive.2.dylib
0x00000000033fa000 	/System/Library/Frameworks/CFNetwork.framework/Versions/A/CFNetwork
0x00000000033fa000 	/System/Library/Frameworks/SystemConfiguration.framework/Versions/A/SystemConfiguration
0x00000000033fa000 	/usr/lib/libCRFSuite.dylib
0x00000000033fa000 	/usr/lib/libc++.1.dylib
0x00000000033fa000 	/usr/lib/libc++abi.dylib
0x00000000033fa000 	/usr/lib/system/libcache.dylib
0x00000000033fa000 	/usr/lib/system/libcommonCrypto.dylib
0x00000000033fa000 	/usr/lib/system/libcompiler_rt.dylib
0x00000000033fa000 	/usr/lib/system/libcopyfile.dylib
0x00000000033fa000 	/usr/lib/system/libcorecrypto.dylib
0x00000000033fa000 	/usr/lib/system/libdispatch.dylib
0x00000000033fa000 	/usr/lib/system/libdyld.dylib
0x00000000033fa000 	/usr/lib/system/libkeymgr.dylib
0x00000000033fa000 	/usr/lib/system/liblaunch.dylib
0x00000000033fa000 	/usr/lib/system/libmacho.dylib
0x00000000033fa000 	/usr/lib/system/libquarantine.dylib
0x00000000033fa000 	/usr/lib/system/libremovefile.dylib
0x00000000033fa000 	/usr/lib/system/libsystem_asl.dylib
0x00000000033fa000 	/usr/lib/system/libsystem_blocks.dylib
0x00000000033fa000 	/usr/lib/system/libsystem_c.dylib
0x00000000033fa000 	/usr/lib/system/libsystem_configuration.dylib
0x00000000033fa000 	/usr/lib/system/libsystem_coreservices.dylib
0x00000000033fa000 	/usr/lib/system/libsystem_coretls.dylib
0x00000000033fa000 	/usr/lib/system/libsystem_dnssd.dylib
0x00000000033fa000 	/usr/lib/system/libsystem_info.dylib
0x00000000033fa000 	/usr/lib/system/libsystem_kernel.dylib
0x00000000033fa000 	/usr/lib/system/libsystem_m.dylib
0x00000000033fa000 	/usr/lib/system/libsystem_malloc.dylib
0x00000000033fa000 	/usr/lib/system/libsystem_network.dylib
0x00000000033fa000 	/usr/lib/system/libsystem_networkextension.dylib
0x00000000033fa000 	/usr/lib/system/libsystem_notify.dylib
0x00000000033fa000 	/usr/lib/system/libsystem_platform.dylib
0x00000000033fa000 	/usr/lib/system/libsystem_pthread.dylib
0x00000000033fa000 	/usr/lib/system/libsystem_sandbox.dylib
0x00000000033fa000 	/usr/lib/system/libsystem_secinit.dylib
0x00000000033fa000 	/usr/lib/system/libsystem_stats.dylib
0x00000000033fa000 	/usr/lib/system/libsystem_trace.dylib
0x00000000033fa000 	/usr/lib/system/libunc.dylib
0x00000000033fa000 	/usr/lib/system/libunwind.dylib
0x00000000033fa000 	/usr/lib/system/libxpc.dylib
0x00000000033fa000 	/usr/lib/libbz2.1.0.dylib
0x00000000033fa000 	/usr/lib/liblzma.5.dylib
0x00000000033fa000 	/usr/lib/libbsm.0.dylib
0x00000000033fa000 	/usr/lib/libsqlite3.dylib
0x00000000033fa000 	/usr/lib/system/libkxld.dylib
0x00000000033fa000 	/usr/lib/libxar.1.dylib
0x00000000033fa000 	/usr/lib/libpam.2.dylib
0x00000000033fa000 	/usr/lib/libOpenScriptingUtil.dylib
0x00000000033fa000 	/System/Library/Frameworks/CoreServices.framework/Versions/A/Frameworks/FSEvents.framework/Versions/A/FSEvents
0x00000000033fa000 	/System/Library/Frameworks/CoreServices.framework/Versions/A/Frameworks/CarbonCore.framework/Versions/A/CarbonCore
0x00000000033fa000 	/System/Library/Frameworks/CoreServices.framework/Versions/A/Frameworks/Metadata.framework/Versions/A/Metadata
0x00000000033fa000 	/System/Library/Frameworks/CoreServices.framework/Versions/A/Frameworks/OSServices.framework/Versions/A/OSServices
0x00000000033fa000 	/System/Library/Frameworks/CoreServices.framework/Versions/A/Frameworks/SearchKit.framework/Versions/A/SearchKit
0x00000000033fa000 	/System/Library/Frameworks/CoreServices.framework/Versions/A/Frameworks/AE.framework/Versions/A/AE
0x00000000033fa000 	/System/Library/Frameworks/CoreServices.framework/Versions/A/Frameworks/LaunchServices.framework/Versions/A/LaunchServices
0x00000000033fa000 	/System/Library/Frameworks/CoreServices.framework/Versions/A/Frameworks/DictionaryServices.framework/Versions/A/DictionaryServices
0x00000000033fa000 	/System/Library/Frameworks/NetFS.framework/Versions/A/NetFS
0x00000000033fa000 	/System/Library/PrivateFrameworks/NetAuth.framework/Versions/A/NetAuth
0x00000000033fa000 	/System/Library/PrivateFrameworks/login.framework/Versions/A/Frameworks/loginsupport.framework/Versions/A/loginsupport
0x00000000033fa000 	/System/Library/PrivateFrameworks/TCC.framework/Versions/A/TCC
0x00000000033fa000 	/usr/lib/libmecabra.dylib
0x00000000033fa000 	/System/Library/Frameworks/ApplicationServices.framework/Versions/A/Frameworks/ATS.framework/Versions/A/ATS
0x00000000033fa000 	/System/Library/Frameworks/ApplicationServices.framework/Versions/A/Frameworks/ColorSync.framework/Versions/A/ColorSync
0x00000000033fa000 	/System/Library/Frameworks/ApplicationServices.framework/Versions/A/Frameworks/HIServices.framework/Versions/A/HIServices
0x00000000033fa000 	/System/Library/Frameworks/ApplicationServices.framework/Versions/A/Frameworks/LangAnalysis.framework/Versions/A/LangAnalysis
0x00000000033fa000 	/System/Library/Frameworks/ApplicationServices.framework/Versions/A/Frameworks/PrintCore.framework/Versions/A/PrintCore
0x00000000033fa000 	/System/Library/Frameworks/ApplicationServices.framework/Versions/A/Frameworks/QD.framework/Versions/A/QD
0x00000000033fa000 	/System/Library/Frameworks/ApplicationServices.framework/Versions/A/Frameworks/SpeechSynthesis.framework/Versions/A/SpeechSynthesis
0x00000000033fa000 	/System/Library/Frameworks/Accelerate.framework/Versions/A/Accelerate
0x00000000033fa000 	/System/Library/Frameworks/Accelerate.framework/Versions/A/Frameworks/vImage.framework/Versions/A/vImage
0x00000000033fa000 	/System/Library/Frameworks/Accelerate.framework/Versions/A/Frameworks/vecLib.framework/Versions/A/vecLib
0x00000000033fa000 	/System/Library/Frameworks/Accelerate.framework/Versions/A/Frameworks/vecLib.framework/Versions/A/libvDSP.dylib
0x00000000033fa000 	/System/Library/Frameworks/Accelerate.framework/Versions/A/Frameworks/vecLib.framework/Versions/A/libvMisc.dylib
0x00000000033fa000 	/System/Library/Frameworks/Accelerate.framework/Versions/A/Frameworks/vecLib.framework/Versions/A/libLAPACK.dylib
0x00000000033fa000 	/System/Library/Frameworks/Accelerate.framework/Versions/A/Frameworks/vecLib.framework/Versions/A/libBLAS.dylib
0x00000000033fa000 	/System/Library/Frameworks/Accelerate.framework/Versions/A/Frameworks/vecLib.framework/Versions/A/libLinearAlgebra.dylib
0x00000000033fa000 	/System/Library/Frameworks/ApplicationServices.framework/Versions/A/Frameworks/ATS.framework/Versions/A/Resources/libFontParser.dylib
0x00000000033fa000 	/System/Library/Frameworks/ApplicationServices.framework/Versions/A/Frameworks/ATS.framework/Versions/A/Resources/libFontRegistry.dylib
0x00000000033fa000 	/System/Library/PrivateFrameworks/AppleVPA.framework/Versions/A/AppleVPA
0x00000000033fa000 	/System/Library/PrivateFrameworks/AppleJPEG.framework/Versions/A/AppleJPEG
0x00000000033fa000 	/System/Library/Frameworks/ImageIO.framework/Versions/A/Resources/libJPEG.dylib
0x00000000033fa000 	/System/Library/Frameworks/ImageIO.framework/Versions/A/Resources/libTIFF.dylib
0x00000000033fa000 	/System/Library/Frameworks/ImageIO.framework/Versions/A/Resources/libPng.dylib
0x00000000033fa000 	/System/Library/Frameworks/ImageIO.framework/Versions/A/Resources/libGIF.dylib
0x00000000033fa000 	/System/Library/Frameworks/ImageIO.framework/Versions/A/Resources/libJP2.dylib
0x00000000033fa000 	/System/Library/Frameworks/ImageIO.framework/Versions/A/Resources/libRadiance.dylib
0x00000000033fa000 	/System/Library/Frameworks/CoreVideo.framework/Versions/A/CoreVideo
0x00000000033fa000 	/System/Library/Frameworks/OpenGL.framework/Versions/A/Libraries/libGLU.dylib
0x00000000033fa000 	/System/Library/Frameworks/OpenGL.framework/Versions/A/Libraries/libGFXShared.dylib
0x00000000033fa000 	/System/Library/Frameworks/OpenGL.framework/Versions/A/Libraries/libGL.dylib
0x00000000033fa000 	/System/Library/Frameworks/OpenGL.framework/Versions/A/Libraries/libGLImage.dylib
0x00000000033fa000 	/System/Library/Frameworks/OpenGL.framework/Versions/A/Libraries/libCVMSPluginSupport.dylib
0x00000000033fa000 	/System/Library/Frameworks/OpenGL.framework/Versions/A/Libraries/libCoreVMClient.dylib
0x00000000033fa000 	/usr/lib/libcups.2.dylib
0x00000000033fa000 	/System/Library/Frameworks/Kerberos.framework/Versions/A/Kerberos
0x00000000033fa000 	/System/Library/Frameworks/GSS.framework/Versions/A/GSS
0x00000000033fa000 	/usr/lib/libresolv.9.dylib
0x00000000033fa000 	/usr/lib/libiconv.2.dylib
0x00000000033fa000 	/System/Library/PrivateFrameworks/Heimdal.framework/Versions/A/Heimdal
0x00000000033fa000 	/usr/lib/libheimdal-asn1.dylib
0x00000000033fa000 	/System/Library/Frameworks/OpenDirectory.framework/Versions/A/OpenDirectory
0x00000000033fa000 	/System/Library/PrivateFrameworks/CommonAuth.framework/Versions/A/CommonAuth
0x00000000033fa000 	/System/Library/Frameworks/OpenDirectory.framework/Versions/A/Frameworks/CFOpenDirectory.framework/Versions/A/CFOpenDirectory
0x00000000033fa000 	/System/Library/Frameworks/SecurityFoundation.framework/Versions/A/SecurityFoundation
0x00000000033fa000 	/System/Library/PrivateFrameworks/LanguageModeling.framework/Versions/A/LanguageModeling
0x00000000033fa000 	/usr/lib/libcmph.dylib
0x00000000033fa000 	/System/Library/Frameworks/ServiceManagement.framework/Versions/A/ServiceManagement
0x00000000033fa000 	/usr/lib/libxslt.1.dylib
0x00000000033fa000 	/System/Library/Frameworks/Carbon.framework/Versions/A/Frameworks/Ink.framework/Versions/A/Ink
0x00000000033fa000 	/System/Library/Frameworks/QuartzCore.framework/Versions/A/Frameworks/CoreImage.framework/Versions/A/CoreImage
0x00000000033fa000 	/System/Library/PrivateFrameworks/CrashReporterSupport.framework/Versions/A/CrashReporterSupport
0x00000000033fa000 	/System/Library/Frameworks/OpenCL.framework/Versions/A/OpenCL
0x00000000033fa000 	/System/Library/PrivateFrameworks/FaceCore.framework/Versions/A/FaceCore
0x00000000033fa000 	/System/Library/PrivateFrameworks/Ubiquity.framework/Versions/A/Ubiquity
0x00000000033fa000 	/System/Library/PrivateFrameworks/IconServices.framework/Versions/A/IconServices
0x00000000033fa000 	/System/Library/PrivateFrameworks/ChunkingLibrary.framework/Versions/A/ChunkingLibrary
0x00000000033fa000 	/System/Library/PrivateFrameworks/Apple80211.framework/Versions/A/Apple80211
0x00000000033fa000 	/System/Library/Frameworks/CoreWLAN.framework/Versions/A/CoreWLAN
0x00000000033fa000 	/System/Library/Frameworks/IOBluetooth.framework/Versions/A/IOBluetooth
0x00000000033fa000 	/System/Library/PrivateFrameworks/CoreWiFi.framework/Versions/A/CoreWiFi
0x00000000033fa000 	/System/Library/Frameworks/CoreBluetooth.framework/Versions/A/CoreBluetooth
0x00000000033fa000 	/System/Library/PrivateFrameworks/DebugSymbols.framework/Versions/A/DebugSymbols
0x00000000033fa000 	/System/Library/PrivateFrameworks/CoreSymbolication.framework/Versions/A/CoreSymbolication
0x00000000033fa000 	/System/Library/PrivateFrameworks/Symbolication.framework/Versions/A/Symbolication
0x00000000033fa000 	/System/Library/PrivateFrameworks/SpeechRecognitionCore.framework/Versions/A/SpeechRecognitionCore
0x000000010d400000 	/Library/Java/JavaVirtualMachines/jdk1.8.0_20.jdk/Contents/Home/jre/lib/server/libjvm.dylib
0x00000000033fa000 	/usr/lib/libstdc++.6.dylib
0x000000010cbab000 	/Library/Java/JavaVirtualMachines/jdk1.8.0_20.jdk/Contents/Home/jre/lib/libverify.dylib
0x000000010cbb9000 	/Library/Java/JavaVirtualMachines/jdk1.8.0_20.jdk/Contents/Home/jre/lib/libjava.dylib
0x000000010cbf7000 	/Library/Java/JavaVirtualMachines/jdk1.8.0_20.jdk/Contents/Home/jre/lib/libzip.dylib
0x00000001a2034000 	/System/Library/Frameworks/JavaVM.framework/Frameworks/JavaRuntimeSupport.framework/JavaRuntimeSupport
0x00000001a204c000 	/System/Library/Frameworks/JavaVM.framework/Versions/A/Frameworks/JavaNativeFoundation.framework/Versions/A/JavaNativeFoundation
0x000000011d7f3000 	/System/Library/Frameworks/JavaVM.framework/Versions/A/JavaVM
0x00000000033fa000 	/System/Library/Frameworks/Carbon.framework/Versions/A/Carbon
0x00000001a2061000 	/System/Library/PrivateFrameworks/JavaLaunching.framework/Versions/A/JavaLaunching
0x00000000033fa000 	/System/Library/Frameworks/Carbon.framework/Versions/A/Frameworks/CommonPanels.framework/Versions/A/CommonPanels
0x00000000033fa000 	/System/Library/Frameworks/Carbon.framework/Versions/A/Frameworks/Help.framework/Versions/A/Help
0x00000000033fa000 	/System/Library/Frameworks/Carbon.framework/Versions/A/Frameworks/ImageCapture.framework/Versions/A/ImageCapture
0x00000000033fa000 	/System/Library/Frameworks/Carbon.framework/Versions/A/Frameworks/OpenScripting.framework/Versions/A/OpenScripting
0x00000000033fa000 	/System/Library/Frameworks/Carbon.framework/Versions/A/Frameworks/Print.framework/Versions/A/Print
0x00000000033fa000 	/System/Library/Frameworks/Carbon.framework/Versions/A/Frameworks/SecurityHI.framework/Versions/A/SecurityHI
0x00000001a3ecd000 	/Library/Java/JavaVirtualMachines/jdk1.8.0_20.jdk/Contents/Home/jre/lib/libawt.dylib
0x00000001a3f7c000 	/Library/Java/JavaVirtualMachines/jdk1.8.0_20.jdk/Contents/Home/jre/lib/./libmlib_image.dylib
0x00000001a4048000 	/Library/Java/JavaVirtualMachines/jdk1.8.0_20.jdk/Contents/Home/jre/lib/libawt_lwawt.dylib
0x00000001a40fb000 	/Library/Java/JavaVirtualMachines/jdk1.8.0_20.jdk/Contents/Home/jre/lib/./libosxapp.dylib
0x00000000033fa000 	/System/Library/Frameworks/ExceptionHandling.framework/Versions/A/ExceptionHandling
0x00000000033fa000 	/System/Library/PrivateFrameworks/CoreServicesInternal.framework/Versions/A/CoreServicesInternal
0x00000000033fa000 	/System/Library/PrivateFrameworks/CloudDocs.framework/Versions/A/CloudDocs
0x00000000033fa000 	/System/Library/PrivateFrameworks/CoreDuet.framework/Versions/A/CoreDuet
0x00000000033fa000 	/System/Library/Frameworks/CloudKit.framework/Versions/A/CloudKit
0x00000000033fa000 	/System/Library/PrivateFrameworks/ProtocolBuffer.framework/Versions/A/ProtocolBuffer
0x00000000033fa000 	/System/Library/PrivateFrameworks/CoreDuetDaemonProtocol.framework/Versions/A/CoreDuetDaemonProtocol
0x00000000033fa000 	/System/Library/PrivateFrameworks/CoreDuetDebugLogging.framework/Versions/A/CoreDuetDebugLogging
0x00000000033fa000 	/System/Library/Frameworks/CoreLocation.framework/Versions/A/CoreLocation
0x00000000033fa000 	/System/Library/Frameworks/Accounts.framework/Versions/A/Accounts
0x00000000033fa000 	/System/Library/PrivateFrameworks/ApplePushService.framework/Versions/A/ApplePushService
0x00000000033fa000 	/System/Library/PrivateFrameworks/GeoServices.framework/Versions/A/GeoServices
0x00000000033fa000 	/System/Library/PrivateFrameworks/OAuth.framework/Versions/A/OAuth
0x00000000033fa000 	/System/Library/PrivateFrameworks/CoreDaemon.framework/Versions/B/CoreDaemon
0x00000000033fa000 	/usr/lib/libcrypto.0.9.8.dylib
0x00000000033fa000 	/System/Library/PrivateFrameworks/AppleSRP.framework/Versions/A/AppleSRP
0x00000000033fa000 	/System/Library/PrivateFrameworks/TrustEvaluationAgent.framework/Versions/A/TrustEvaluationAgent
0x00000000033fa000 	/System/Library/Frameworks/CoreGraphics.framework/Versions/A/Resources/libCGCMS.A.dylib
0x00000000033fa000 	/System/Library/Frameworks/CoreGraphics.framework/Versions/A/Resources/libRIP.A.dylib
0x00000000033fa000 	/System/Library/Frameworks/CoreGraphics.framework/Versions/A/Resources/libCGXType.A.dylib
0x00000000033fa000 	/System/Library/Frameworks/OpenCL.framework/Versions/A/Libraries/libcldcpuengine.dylib
0x00000000033fa000 	/System/Library/PrivateFrameworks/DiskImages.framework/Versions/A/DiskImages
0x00000000033fa000 	/System/Library/Frameworks/DiscRecording.framework/Versions/A/DiscRecording
0x00000000033fa000 	/usr/lib/libcsfde.dylib
0x00000000033fa000 	/usr/lib/libcurl.4.dylib
0x00000000033fa000 	/System/Library/PrivateFrameworks/MediaKit.framework/Versions/A/MediaKit
0x00000000033fa000 	/System/Library/PrivateFrameworks/ProtectedCloudStorage.framework/Versions/A/ProtectedCloudStorage
0x00000000033fa000 	/usr/lib/libCoreStorage.dylib
0x00000000033fa000 	/System/Library/PrivateFrameworks/EFILogin.framework/Versions/A/EFILogin
0x00000000033fa000 	/usr/lib/libutil.dylib
0x00000000033fa000 	/System/Library/PrivateFrameworks/FindMyDevice.framework/Versions/A/FindMyDevice
0x00000000033fa000 	/System/Library/Frameworks/LDAP.framework/Versions/A/LDAP
0x00000000033fa000 	/usr/lib/libsasl2.2.dylib
0x00000001a7a54000 	cl_kernels
0x00000001a7a56000 	/System/Library/Frameworks/OpenCL.framework/Versions/A/Libraries/ImageFormats/unorm8_bgra.dylib
0x00000001a7a45000 	cl_kernels
0x00000000033fa000 	/System/Library/PrivateFrameworks/FamilyControls.framework/Versions/A/FamilyControls
0x00000000033fa000 	/System/Library/PrivateFrameworks/CommerceKit.framework/Versions/A/Frameworks/CommerceCore.framework/Versions/A/CommerceCore
0x00000000033fa000 	/System/Library/PrivateFrameworks/SystemAdministration.framework/Versions/A/SystemAdministration
0x00000000033fa000 	/System/Library/PrivateFrameworks/AppContainer.framework/Versions/A/AppContainer
0x00000000033fa000 	/System/Library/PrivateFrameworks/SecCodeWrapper.framework/Versions/A/SecCodeWrapper
0x00000000033fa000 	/System/Library/Frameworks/DirectoryService.framework/Versions/A/DirectoryService
0x00000000033fa000 	/System/Library/PrivateFrameworks/LoginUIKit.framework/Versions/A/Frameworks/LoginUICore.framework/Versions/A/LoginUICore
0x00000000033fa000 	/usr/lib/libodfde.dylib
0x00000001a8c1c000 	/Library/Java/JavaVirtualMachines/jdk1.8.0_20.jdk/Contents/Home/jre/lib/libfontmanager.dylib
0x00000001a8c82000 	/Users/Ben/Desktop/workspace/Sandbox/lwjgl-2.9.1/native/macosx/liblwjgl.jnilib
0x00000001a6f89000 	/Library/Java/JavaVirtualMachines/jdk1.8.0_20.jdk/Contents/Home/jre/lib/libjawt.dylib
0x00000000033fa000 	/System/Library/Frameworks/OpenGL.framework/Versions/A/Resources/GLEngine.bundle/GLEngine
0x00000000033fa000 	/System/Library/Frameworks/OpenGL.framework/Versions/A/Libraries/libGLProgrammability.dylib
0x0000000000000000 	/System/Library/Extensions/AppleIntelHD4000GraphicsGLDriver.bundle/Contents/MacOS/AppleIntelHD4000GraphicsGLDriver
0x00000000033fa000 	/System/Library/PrivateFrameworks/IOAccelerator.framework/Versions/A/IOAccelerator
0x00000000033fa000 	/System/Library/PrivateFrameworks/GPUSupport.framework/Versions/A/Libraries/libGPUSupportMercury.dylib
0x00000000033fa000 	/System/Library/Frameworks/OpenGL.framework/Versions/A/Resources/GLRendererFloat.bundle/GLRendererFloat

VM Arguments:
jvm_args: -Djava.library.path=/Users/Ben/Desktop/workspace/Sandbox/native/macosx:/Users/Ben/Desktop/workspace/Sandbox/lwjgl-2.9.1/native/macosx -Dfile.encoding=UTF-8 
java_command: engineTester.MainGameLoop
java_class_path (initial): /Users/Ben/Desktop/workspace/Sandbox/bin:/Users/Ben/Desktop/workspace/Sandbox/slick-util.jar:/Users/Ben/Desktop/workspace/Sandbox/lwjgl-2.9.1/jar/lwjgl.jar:/Users/Ben/Desktop/workspace/Sandbox/lwjgl-2.9.1/jar/lwjgl_util.jar:/Users/Ben/Desktop/workspace/Sandbox/lwjgl-2.9.1/jar/PNGDecoder.jar
Launcher Type: SUN_STANDARD

Environment Variables:
PATH=/usr/bin:/bin:/usr/sbin:/sbin
SHELL=/bin/bash
DISPLAY=/private/tmp/com.apple.launchd.7InTvLpvOp/org.macosforge.xquartz:0

Signal Handlers:
SIGSEGV: [libjvm.dylib+0x578fd7], sa_mask[0]=11111111011111110111111111111111, sa_flags=SA_ONSTACK|SA_RESTART|SA_SIGINFO
SIGBUS: [libjvm.dylib+0x578fd7], sa_mask[0]=11111111011111110111111111111111, sa_flags=SA_RESTART|SA_SIGINFO
SIGFPE: [libjvm.dylib+0x45ab0c], sa_mask[0]=11111111011111110111111111111111, sa_flags=SA_RESTART|SA_SIGINFO
SIGPIPE: [libjvm.dylib+0x45ab0c], sa_mask[0]=11111111011111110111111111111111, sa_flags=SA_RESTART|SA_SIGINFO
SIGXFSZ: [libjvm.dylib+0x45ab0c], sa_mask[0]=11111111011111110111111111111111, sa_flags=SA_RESTART|SA_SIGINFO
SIGILL: [libjvm.dylib+0x45ab0c], sa_mask[0]=11111111011111110111111111111111, sa_flags=SA_RESTART|SA_SIGINFO
SIGUSR1: SIG_DFL, sa_mask[0]=00000000000000000000000000000000, sa_flags=none
SIGUSR2: [libjvm.dylib+0x45a62a], sa_mask[0]=00100000000000000000000000000000, sa_flags=SA_RESTART|SA_SIGINFO
SIGHUP: [libjvm.dylib+0x458bfd], sa_mask[0]=11111111011111110111111111111111, sa_flags=SA_RESTART|SA_SIGINFO
SIGINT: [libjvm.dylib+0x458bfd], sa_mask[0]=11111111011111110111111111111111, sa_flags=SA_RESTART|SA_SIGINFO
SIGTERM: [libjvm.dylib+0x458bfd], sa_mask[0]=11111111011111110111111111111111, sa_flags=SA_RESTART|SA_SIGINFO
SIGQUIT: [libjvm.dylib+0x458bfd], sa_mask[0]=11111111011111110111111111111111, sa_flags=SA_RESTART|SA_SIGINFO


---------------  S Y S T E M  ---------------

OS:Bsduname:Darwin 14.1.0 Darwin Kernel Version 14.1.0: Mon Dec 22 23:10:38 PST 2014; root:xnu-2782.10.72~2/RELEASE_X86_64 x86_64
rlimit: STACK 8192k, CORE 0k, NPROC 709, NOFILE 10240, AS infinity
load average:1.61 1.54 1.58

CPU:total 4 (2 cores per cpu, 2 threads per core) family 6 model 58 stepping 9, cmov, cx8, fxsr, mmx, sse, sse2, sse3, ssse3, sse4.1, sse4.2, popcnt, avx, aes, clmul, erms, ht, tsc, tscinvbit, tscinv

Memory: 4k page, physical 4194304k(1203908k free)

/proc/meminfo:


vm_info: Java HotSpot(TM) 64-Bit Server VM (25.20-b23) for bsd-amd64 JRE (1.8.0_20-b26), built on Jul 30 2014 13:37:47 by "java_re" with gcc 4.2.1 (Based on Apple Inc. build 5658) (LLVM build 2336.9.00)

time: Fri Jul 31 22:52:39 2015
elapsed time: 0 seconds (0d 0h 0m 0s)

