#
# A fatal error has been detected by the Java Runtime Environment:
#
#  SIGSEGV (0xb) at pc=0x00007fff91e39198, pid=522, tid=1811
#
# JRE version: Java(TM) SE Runtime Environment (8.0_20-b26) (build 1.8.0_20-b26)
# Java VM: Java HotSpot(TM) 64-Bit Server VM (25.20-b23 mixed mode bsd-amd64 compressed oops)
# Problematic frame:
# C  [CoreGraphics+0xb198]  assert_check_region+0xf
#
# Failed to write core dump. Core dumps have been disabled. To enable core dumping, try "ulimit -c unlimited" before starting Java again
#
# If you would like to submit a bug report, please visit:
#   http://bugreport.sun.com/bugreport/crash.jsp
# The crash happened outside the Java Virtual Machine in native code.
# See problematic frame for where to report the bug.
#

---------------  T H R E A D  ---------------

Current thread (0x00007fb8c5052000):  JavaThread "AppKit Thread" daemon [_thread_in_native, id=1811, stack(0x00007fff5f24d000,0x00007fff5fa4d000)]

siginfo: si_signo: 11 (SIGSEGV), si_code: 1 (SEGV_MAPERR), si_addr: 0x000000000000000f

Registers:
RAX=0x0000000000000000, RBX=0xffffffffffffffff, RCX=0x0000000000000001, RDX=0x00000000a7baad05
RSP=0x00007fff5fa48410, RBP=0x00007fff5fa48420, RSI=0x00007fb8c3e92380, RDI=0xffffffffffffffff
R8 =0x00007fb8c3e8c7a0, R9 =0x0000000000000000, R10=0x00007fff75919c80, R11=0x0000000117723332
R12=0x00007fff5fa48796, R13=0x0000000000000003, R14=0x00007fb8c3e92380, R15=0x000000000001b8b7
RIP=0x00007fff91e39198, EFLAGS=0x0000000000010286, ERR=0x0000000000000004
  TRAPNO=0x000000000000000e

Top of Stack: (sp=0x00007fff5fa48410)
0x00007fff5fa48410:   ffffffffffffffff 00007fb8c3e92380
0x00007fff5fa48420:   00007fff5fa48440 00007fff91e3d8b6
0x00007fff5fa48430:   00000000000000ff 00007fb8c3e92380
0x00007fff5fa48440:   00007fff5fa48480 00007fff91e86971
0x00007fff5fa48450:   00007fff5fa48796 ffffffffffffffff
0x00007fff5fa48460:   00007fff5fa487a0 00007fff5fa48796
0x00007fff5fa48470:   0000000000000000 00000000000000ff
0x00007fff5fa48480:   00007fff5fa48520 00007fff8d9410c1
0x00007fff5fa48490:   0000000000000000 00007fff5fa48796
0x00007fff5fa484a0:   401c000000000000 4008000000000000
0x00007fff5fa484b0:   402c000000000000 4030000000000000
0x00007fff5fa484c0:   4054000000000000 4051000000000000
0x00007fff5fa484d0:   4094000000000000 4087300000000000
0x00007fff5fa484e0:   00007fb8c3e86010 00007fb8c3e92380
0x00007fff5fa484f0:   00007fb8c3e86010 0000000000000110
0x00007fff5fa48500:   00007fff5fa487e0 00000000000000ff
0x00007fff5fa48510:   00007fb8c3e848c0 00007fff9275a0c0
0x00007fff5fa48520:   00007fff5fa48910 00007fff8d85c973
0x00007fff5fa48530:   0000000000000000 0000000000000000
0x00007fff5fa48540:   4094000000000000 4036000000000000
0x00007fff5fa48550:   00000000000000f8 0000000000000002
0x00007fff5fa48560:   00000001001cd000 0000000000000000
0x00007fff5fa48570:   0000000000000008 00000001001d1e00
0x00007fff5fa48580:   00007fff5fa48670 00007fff8641b289
0x00007fff5fa48590:   00007fff5fa485f0 00007fff75961f10
0x00007fff5fa485a0:   00007fff5fa485d0 00007fff9277b225
0x00007fff5fa485b0:   00000001001d0a00 00000001001cd000
0x00007fff5fa485c0:   0000000000000000 00007fff759608c8
0x00007fff5fa485d0:   00007fff5fa48610 00007fff8641c293
0x00007fff5fa485e0:   00000001001d0a00 0000000000000000
0x00007fff5fa485f0:   00000001001cd000 0000000000000000
0x00007fff5fa48600:   0000000000000002 00000001001d1e00 

Instructions: (pc=0x00007fff91e39198)
0x00007fff91e39178:   5b 5d c3 48 89 df 48 83 c4 18 5b 5d e9 b6 00 00
0x00007fff91e39188:   00 55 48 89 e5 41 56 53 48 89 fb 48 85 db 74 47
0x00007fff91e39198:   48 83 7b 10 00 74 5c 48 89 df e8 57 92 50 00 49
0x00007fff91e391a8:   89 c6 48 83 3d b6 69 ae e3 ff 75 16 4c 3b 35 a5 

Register to memory mapping:

RAX=0x0000000000000000 is an unknown value
RBX=0xffffffffffffffff is an unknown value
RCX=0x0000000000000001 is an unknown value
RDX=0x00000000a7baad05 is an unknown value
RSP=0x00007fff5fa48410 is pointing into the stack for thread: 0x00007fb8c5052000
RBP=0x00007fff5fa48420 is pointing into the stack for thread: 0x00007fb8c5052000
RSI=0x00007fb8c3e92380 is an unknown value
RDI=0xffffffffffffffff is an unknown value
R8 =0x00007fb8c3e8c7a0 is an unknown value
R9 =0x0000000000000000 is an unknown value
R10=0x00007fff75919c80: chain_callbacks+0x5c58 in /System/Library/Frameworks/CoreGraphics.framework/Versions/A/CoreGraphics at 0x00007fff91e2e000
R11=0x0000000117723332: OBJC_METACLASS_$_NSApplicationAWT+0x22 in /Library/Java/JavaVirtualMachines/jdk1.8.0_20.jdk/Contents/Home/jre/lib/./libosxapp.dylib at 0x000000011771b000
R12=0x00007fff5fa48796 is pointing into the stack for thread: 0x00007fb8c5052000
R13=0x0000000000000003 is an unknown value
R14=0x00007fb8c3e92380 is an unknown value
R15=0x000000000001b8b7 is an unknown value


Stack: [0x00007fff5f24d000,0x00007fff5fa4d000],  sp=0x00007fff5fa48410,  free space=8173k
Native frames: (J=compiled Java code, j=interpreted, Vv=VM code, C=native code)
C  [CoreGraphics+0xb198]  assert_check_region+0xf
C  [CoreGraphics+0xf8b6]  CGRegionCreateUnionWithRegion+0x1f
C  [CoreGraphics+0x58971]  CGSAddButtonRegion+0x57
C  [AppKit+0x1370c1]  _NSAddRectsToWindow+0x16e
C  [AppKit+0x52973]  -[NSThemeFrame _resetDragMargins]+0x739
C  [AppKit+0x4e599]  -[NSThemeFrame _tileTitlebarAndRedisplay:]+0x427
C  [AppKit+0x61023]  -[NSTitledFrame _titleDidChange]+0xd9
C  [AppKit+0x5e650]  -[NSTitledFrame setTitle:]+0x4b9
C  [AppKit+0x5e0ea]  -[NSThemeFrame setTitle:]+0x2f
C  [AppKit+0x5ded3]  -[NSWindow _dosetTitle:andDefeatWrap:]+0x13f
C  [Foundation+0x65cdc]  __NSThreadPerformPerform+0x125
C  [CoreFoundation+0x80681]  __CFRUNLOOP_IS_CALLING_OUT_TO_A_SOURCE0_PERFORM_FUNCTION__+0x11
C  [CoreFoundation+0x7280d]  __CFRunLoopDoSources0+0x10d
C  [CoreFoundation+0x71e3f]  __CFRunLoopRun+0x39f
C  [CoreFoundation+0x71858]  CFRunLoopRunSpecific+0x128
C  [HIToolbox+0x2eaef]  RunCurrentEventLoopInMode+0xeb
C  [HIToolbox+0x2e86a]  ReceiveNextEventCommon+0x1af
C  [HIToolbox+0x2e6ab]  _BlockUntilNextEventMatchingListInModeWithFilter+0x47
C  [AppKit+0x23f81]  _DPSNextEvent+0x3c4
C  [AppKit+0x23730]  -[NSApplication nextEventMatchingMask:untilDate:inMode:dequeue:]+0xc2
C  [libosxapp.dylib+0x242a]  -[NSApplicationAWT nextEventMatchingMask:untilDate:inMode:dequeue:]+0x7c
C  [AppKit+0x17593]  -[NSApplication run]+0x252
C  [libosxapp.dylib+0x223e]  +[NSApplicationAWT runAWTLoopWithApp:]+0x9c
C  [libawt_lwawt.dylib+0x4494f]  -[AWTStarter starter:]+0x389
C  [Foundation+0x65cdc]  __NSThreadPerformPerform+0x125
C  [CoreFoundation+0x80681]  __CFRUNLOOP_IS_CALLING_OUT_TO_A_SOURCE0_PERFORM_FUNCTION__+0x11
C  [CoreFoundation+0x7280d]  __CFRunLoopDoSources0+0x10d
C  [CoreFoundation+0x71e3f]  __CFRunLoopRun+0x39f
C  [CoreFoundation+0x71858]  CFRunLoopRunSpecific+0x128
C  [java+0x56cc]  CreateExecutionEnvironment+0x367
C  [java+0x165c]  JLI_Launch+0x7a0
C  [java+0x768a]  main+0x65
C  [java+0xeb4]  start+0x34
C  0x0000000000000006


---------------  P R O C E S S  ---------------

Java Threads: ( => current thread )
  0x00007fb8c405b800 JavaThread "AWT-Shutdown" [_thread_blocked, id=29191, stack(0x00000001198cc000,0x00000001199cc000)]
=>0x00007fb8c5052000 JavaThread "AppKit Thread" daemon [_thread_in_native, id=1811, stack(0x00007fff5f24d000,0x00007fff5fa4d000)]
  0x00007fb8c501e000 JavaThread "Service Thread" daemon [_thread_blocked, id=18179, stack(0x00000001172a5000,0x00000001173a5000)]
  0x00007fb8c4020800 JavaThread "C1 CompilerThread2" daemon [_thread_blocked, id=17667, stack(0x00000001171a2000,0x00000001172a2000)]
  0x00007fb8c401f800 JavaThread "C2 CompilerThread1" daemon [_thread_blocked, id=17155, stack(0x000000011709f000,0x000000011719f000)]
  0x00007fb8c4815000 JavaThread "C2 CompilerThread0" daemon [_thread_in_native, id=16643, stack(0x0000000116f9c000,0x000000011709c000)]
  0x00007fb8c401d800 JavaThread "Signal Dispatcher" daemon [_thread_blocked, id=13335, stack(0x0000000116e99000,0x0000000116f99000)]
  0x00007fb8c5013800 JavaThread "Finalizer" daemon [_thread_blocked, id=11523, stack(0x0000000115549000,0x0000000115649000)]
  0x00007fb8c4009800 JavaThread "Reference Handler" daemon [_thread_blocked, id=11011, stack(0x0000000115446000,0x0000000115546000)]
  0x00007fb8c480a800 JavaThread "main" [_thread_in_native, id=4867, stack(0x0000000101a01000,0x0000000101b01000)]

Other Threads:
  0x00007fb8c4005000 VMThread [stack: 0x0000000115343000,0x0000000115443000] [id=10499]
  0x00007fb8c482d800 WatcherThread [stack: 0x00000001173a8000,0x00000001174a8000] [id=18691]

VM state:not at safepoint (normal execution)

VM Mutex/Monitor currently owned by a thread: None

Heap:
 PSYoungGen      total 18944K, used 6164K [0x00000007aab00000, 0x00000007ac000000, 0x00000007c0000000)
  eden space 16384K, 37% used [0x00000007aab00000,0x00000007ab105328,0x00000007abb00000)
  from space 2560K, 0% used [0x00000007abd80000,0x00000007abd80000,0x00000007ac000000)
  to   space 2560K, 0% used [0x00000007abb00000,0x00000007abb00000,0x00000007abd80000)
 ParOldGen       total 44032K, used 0K [0x0000000780000000, 0x0000000782b00000, 0x00000007aab00000)
  object space 44032K, 0% used [0x0000000780000000,0x0000000780000000,0x0000000782b00000)
 Metaspace       used 5713K, capacity 5813K, committed 6016K, reserved 1056768K
  class space    used 567K, capacity 597K, committed 640K, reserved 1048576K

Card table byte_map: [0x0000000110f00000,0x0000000111101000] byte_map_base: 0x000000010d300000

Marking Bits: (ParMarkBitMap*) 0x0000000100b4d330
 Begin Bits: [0x0000000111663000, 0x0000000112663000)
 End Bits:   [0x0000000112663000, 0x0000000113663000)

Polling page: 0x00000001011f1000

CodeCache: size=245760Kb used=1874Kb max_used=1874Kb free=243885Kb
 bounds [0x0000000101b40000, 0x0000000101db0000, 0x0000000110b40000]
 total_blobs=746 nmethods=383 adapters=278
 compilation: enabled

Compilation events (10 events):
Event: 0.685 Thread 0x00007fb8c4815000 nmethod 362 0x0000000101d0d650 code [0x0000000101d0d7a0, 0x0000000101d0da18]
Event: 0.685 Thread 0x00007fb8c4020800 nmethod 371 0x0000000101d0cc50 code [0x0000000101d0ce00, 0x0000000101d0d3d8]
Event: 0.707 Thread 0x00007fb8c4020800  372       3       java.util.HashMap::containsKey (18 bytes)
Event: 0.708 Thread 0x00007fb8c4020800 nmethod 372 0x0000000101d0c590 code [0x0000000101d0c720, 0x0000000101d0cb18]
Event: 0.708 Thread 0x00007fb8c4020800  373       3       java.util.HashSet::contains (9 bytes)
Event: 0.708 Thread 0x00007fb8c4020800 nmethod 373 0x0000000101d0bd50 code [0x0000000101d0bee0, 0x0000000101d0c3d8]
Event: 0.721 Thread 0x00007fb8c4020800  374       3       java.net.URLStreamHandler::setURL (40 bytes)
Event: 0.722 Thread 0x00007fb8c4020800 nmethod 374 0x0000000101d0b690 code [0x0000000101d0b820, 0x0000000101d0bbd8]
Event: 0.722 Thread 0x00007fb8c4020800  375   !   3       java.net.URL::set (114 bytes)
Event: 0.722 Thread 0x00007fb8c4020800 nmethod 375 0x0000000101d0db50 code [0x0000000101d0dd40, 0x0000000101d0e898]

GC Heap History (0 events):
No events

Deoptimization events (0 events):
No events

Internal exceptions (10 events):
Event: 0.576 Thread 0x00007fb8c480a800 Exception <a 'java/security/PrivilegedActionException'> (0x00000007aafe6c48) thrown at [/HUDSON3/workspace/8-2-build-macosx-x86_64/jdk8u20/1074/hotspot/src/share/vm/prims/jvm.cpp, line 1275]
Event: 0.577 Thread 0x00007fb8c480a800 Exception <a 'java/security/PrivilegedActionException'> (0x00000007aafeb0b0) thrown at [/HUDSON3/workspace/8-2-build-macosx-x86_64/jdk8u20/1074/hotspot/src/share/vm/prims/jvm.cpp, line 1275]
Event: 0.578 Thread 0x00007fb8c480a800 Exception <a 'java/security/PrivilegedActionException'> (0x00000007aaff1c40) thrown at [/HUDSON3/workspace/8-2-build-macosx-x86_64/jdk8u20/1074/hotspot/src/share/vm/prims/jvm.cpp, line 1275]
Event: 0.578 Thread 0x00007fb8c480a800 Exception <a 'java/security/PrivilegedActionException'> (0x00000007aaff5de8) thrown at [/HUDSON3/workspace/8-2-build-macosx-x86_64/jdk8u20/1074/hotspot/src/share/vm/prims/jvm.cpp, line 1275]
Event: 0.581 Thread 0x00007fb8c480a800 Exception <a 'java/security/PrivilegedActionException'> (0x00000007aaffa230) thrown at [/HUDSON3/workspace/8-2-build-macosx-x86_64/jdk8u20/1074/hotspot/src/share/vm/prims/jvm.cpp, line 1275]
Event: 0.589 Thread 0x00007fb8c480a800 Exception <a 'java/security/PrivilegedActionException'> (0x00000007ab01dae8) thrown at [/HUDSON3/workspace/8-2-build-macosx-x86_64/jdk8u20/1074/hotspot/src/share/vm/prims/jvm.cpp, line 1275]
Event: 0.590 Thread 0x00007fb8c480a800 Exception <a 'java/security/PrivilegedActionException'> (0x00000007ab026280) thrown at [/HUDSON3/workspace/8-2-build-macosx-x86_64/jdk8u20/1074/hotspot/src/share/vm/prims/jvm.cpp, line 1275]
Event: 0.596 Thread 0x00007fb8c480a800 Exception <a 'java/security/PrivilegedActionException'> (0x00000007ab061e20) thrown at [/HUDSON3/workspace/8-2-build-macosx-x86_64/jdk8u20/1074/hotspot/src/share/vm/prims/jvm.cpp, line 1275]
Event: 0.713 Thread 0x00007fb8c480a800 Exception <a 'java/security/PrivilegedActionException'> (0x00000007ab0bc8c0) thrown at [/HUDSON3/workspace/8-2-build-macosx-x86_64/jdk8u20/1074/hotspot/src/share/vm/prims/jvm.cpp, line 1275]
Event: 0.721 Thread 0x00007fb8c480a800 Exception <a 'java/security/PrivilegedActionException'> (0x00000007ab0c1590) thrown at [/HUDSON3/workspace/8-2-build-macosx-x86_64/jdk8u20/1074/hotspot/src/share/vm/prims/jvm.cpp, line 1275]

Events (10 events):
Event: 0.588 loading class org/lwjgl/BufferChecks
Event: 0.588 loading class org/lwjgl/BufferChecks done
Event: 0.590 loading class org/lwjgl/opengl/GL30
Event: 0.590 loading class org/lwjgl/opengl/GL30 done
Event: 0.595 loading class org/lwjgl/opengl/Util
Event: 0.595 loading class org/lwjgl/opengl/Util done
Event: 0.713 loading class org/lwjgl/opengl/ReferencesStack
Event: 0.713 loading class org/lwjgl/opengl/ReferencesStack done
Event: 0.721 loading class org/lwjgl/input/Controllers
Event: 0.721 loading class org/lwjgl/input/Controllers done


Dynamic libraries:
0x00000000033fa000 	/System/Library/Frameworks/Cocoa.framework/Versions/A/Cocoa
0x00000000033fa000 	/System/Library/Frameworks/Security.framework/Versions/A/Security
0x00000000033fa000 	/System/Library/Frameworks/ApplicationServices.framework/Versions/A/ApplicationServices
0x00000000033fa000 	/usr/lib/libz.1.dylib
0x00000000033fa000 	/usr/lib/libSystem.B.dylib
0x00000000033fa000 	/usr/lib/libobjc.A.dylib
0x00000000033fa000 	/System/Library/Frameworks/CoreFoundation.framework/Versions/A/CoreFoundation
0x00000000033fa000 	/System/Library/Frameworks/Foundation.framework/Versions/C/Foundation
0x00000000033fa000 	/System/Library/Frameworks/AppKit.framework/Versions/C/AppKit
0x00000000033fa000 	/System/Library/Frameworks/CoreData.framework/Versions/A/CoreData
0x00000000033fa000 	/System/Library/PrivateFrameworks/RemoteViewServices.framework/Versions/A/RemoteViewServices
0x00000000033fa000 	/System/Library/PrivateFrameworks/UIFoundation.framework/Versions/A/UIFoundation
0x00000000033fa000 	/System/Library/Frameworks/IOSurface.framework/Versions/A/IOSurface
0x00000000033fa000 	/System/Library/Frameworks/AudioToolbox.framework/Versions/A/AudioToolbox
0x00000000033fa000 	/System/Library/Frameworks/AudioUnit.framework/Versions/A/AudioUnit
0x00000000033fa000 	/System/Library/PrivateFrameworks/DataDetectorsCore.framework/Versions/A/DataDetectorsCore
0x00000000033fa000 	/System/Library/PrivateFrameworks/DesktopServicesPriv.framework/Versions/A/DesktopServicesPriv
0x00000000033fa000 	/System/Library/Frameworks/Carbon.framework/Versions/A/Frameworks/HIToolbox.framework/Versions/A/HIToolbox
0x00000000033fa000 	/System/Library/Frameworks/QuartzCore.framework/Versions/A/QuartzCore
0x00000000033fa000 	/System/Library/Frameworks/Carbon.framework/Versions/A/Frameworks/SpeechRecognition.framework/Versions/A/SpeechRecognition
0x00000000033fa000 	/usr/lib/libauto.dylib
0x00000000033fa000 	/usr/lib/libicucore.A.dylib
0x00000000033fa000 	/usr/lib/libxml2.2.dylib
0x00000000033fa000 	/System/Library/PrivateFrameworks/CoreUI.framework/Versions/A/CoreUI
0x00000000033fa000 	/System/Library/Frameworks/CoreAudio.framework/Versions/A/CoreAudio
0x00000000033fa000 	/System/Library/Frameworks/DiskArbitration.framework/Versions/A/DiskArbitration
0x00000000033fa000 	/usr/lib/liblangid.dylib
0x00000000033fa000 	/System/Library/PrivateFrameworks/MultitouchSupport.framework/Versions/A/MultitouchSupport
0x00000000033fa000 	/System/Library/Frameworks/IOKit.framework/Versions/A/IOKit
0x00000000033fa000 	/usr/lib/libDiagnosticMessagesClient.dylib
0x00000000033fa000 	/System/Library/Frameworks/CoreServices.framework/Versions/A/CoreServices
0x00000000033fa000 	/System/Library/PrivateFrameworks/PerformanceAnalysis.framework/Versions/A/PerformanceAnalysis
0x00000000033fa000 	/System/Library/PrivateFrameworks/GenerationalStorage.framework/Versions/A/GenerationalStorage
0x00000000033fa000 	/System/Library/Frameworks/OpenGL.framework/Versions/A/OpenGL
0x00000000033fa000 	/System/Library/PrivateFrameworks/Sharing.framework/Versions/A/Sharing
0x00000000033fa000 	/System/Library/Frameworks/CoreGraphics.framework/Versions/A/CoreGraphics
0x00000000033fa000 	/System/Library/Frameworks/CoreText.framework/Versions/A/CoreText
0x00000000033fa000 	/System/Library/Frameworks/ImageIO.framework/Versions/A/ImageIO
0x00000000033fa000 	/usr/lib/libextension.dylib
0x00000000033fa000 	/System/Library/PrivateFrameworks/Backup.framework/Versions/A/Backup
0x00000000033fa000 	/usr/lib/libarchive.2.dylib
0x00000000033fa000 	/System/Library/Frameworks/CFNetwork.framework/Versions/A/CFNetwork
0x00000000033fa000 	/System/Library/Frameworks/SystemConfiguration.framework/Versions/A/SystemConfiguration
0x00000000033fa000 	/usr/lib/libCRFSuite.dylib
0x00000000033fa000 	/usr/lib/libc++.1.dylib
0x00000000033fa000 	/usr/lib/libc++abi.dylib
0x00000000033fa000 	/usr/lib/system/libcache.dylib
0x00000000033fa000 	/usr/lib/system/libcommonCrypto.dylib
0x00000000033fa000 	/usr/lib/system/libcompiler_rt.dylib
0x00000000033fa000 	/usr/lib/system/libcopyfile.dylib
0x00000000033fa000 	/usr/lib/system/libcorecrypto.dylib
0x00000000033fa000 	/usr/lib/system/libdispatch.dylib
0x00000000033fa000 	/usr/lib/system/libdyld.dylib
0x00000000033fa000 	/usr/lib/system/libkeymgr.dylib
0x00000000033fa000 	/usr/lib/system/liblaunch.dylib
0x00000000033fa000 	/usr/lib/system/libmacho.dylib
0x00000000033fa000 	/usr/lib/system/libquarantine.dylib
0x00000000033fa000 	/usr/lib/system/libremovefile.dylib
0x00000000033fa000 	/usr/lib/system/libsystem_asl.dylib
0x00000000033fa000 	/usr/lib/system/libsystem_blocks.dylib
0x00000000033fa000 	/usr/lib/system/libsystem_c.dylib
0x00000000033fa000 	/usr/lib/system/libsystem_configuration.dylib
0x00000000033fa000 	/usr/lib/system/libsystem_coreservices.dylib
0x00000000033fa000 	/usr/lib/system/libsystem_coretls.dylib
0x00000000033fa000 	/usr/lib/system/libsystem_dnssd.dylib
0x00000000033fa000 	/usr/lib/system/libsystem_info.dylib
0x00000000033fa000 	/usr/lib/system/libsystem_kernel.dylib
0x00000000033fa000 	/usr/lib/system/libsystem_m.dylib
0x00000000033fa000 	/usr/lib/system/libsystem_malloc.dylib
0x00000000033fa000 	/usr/lib/system/libsystem_network.dylib
0x00000000033fa000 	/usr/lib/system/libsystem_networkextension.dylib
0x00000000033fa000 	/usr/lib/system/libsystem_notify.dylib
0x00000000033fa000 	/usr/lib/system/libsystem_platform.dylib
0x00000000033fa000 	/usr/lib/system/libsystem_pthread.dylib
0x00000000033fa000 	/usr/lib/system/libsystem_sandbox.dylib
0x00000000033fa000 	/usr/lib/system/libsystem_secinit.dylib
0x00000000033fa000 	/usr/lib/system/libsystem_stats.dylib
0x00000000033fa000 	/usr/lib/system/libsystem_trace.dylib
0x00000000033fa000 	/usr/lib/system/libunc.dylib
0x00000000033fa000 	/usr/lib/system/libunwind.dylib
0x00000000033fa000 	/usr/lib/system/libxpc.dylib
0x00000000033fa000 	/usr/lib/libbz2.1.0.dylib
0x00000000033fa000 	/usr/lib/liblzma.5.dylib
0x00000000033fa000 	/usr/lib/libbsm.0.dylib
0x00000000033fa000 	/usr/lib/libsqlite3.dylib
0x00000000033fa000 	/usr/lib/system/libkxld.dylib
0x00000000033fa000 	/usr/lib/libxar.1.dylib
0x00000000033fa000 	/usr/lib/libpam.2.dylib
0x00000000033fa000 	/usr/lib/libOpenScriptingUtil.dylib
0x00000000033fa000 	/System/Library/Frameworks/CoreServices.framework/Versions/A/Frameworks/FSEvents.framework/Versions/A/FSEvents
0x00000000033fa000 	/System/Library/Frameworks/CoreServices.framework/Versions/A/Frameworks/CarbonCore.framework/Versions/A/CarbonCore
0x00000000033fa000 	/System/Library/Frameworks/CoreServices.framework/Versions/A/Frameworks/Metadata.framework/Versions/A/Metadata
0x00000000033fa000 	/System/Library/Frameworks/CoreServices.framework/Versions/A/Frameworks/OSServices.framework/Versions/A/OSServices
0x00000000033fa000 	/System/Library/Frameworks/CoreServices.framework/Versions/A/Frameworks/SearchKit.framework/Versions/A/SearchKit
0x00000000033fa000 	/System/Library/Frameworks/CoreServices.framework/Versions/A/Frameworks/AE.framework/Versions/A/AE
0x00000000033fa000 	/System/Library/Frameworks/CoreServices.framework/Versions/A/Frameworks/LaunchServices.framework/Versions/A/LaunchServices
0x00000000033fa000 	/System/Library/Frameworks/CoreServices.framework/Versions/A/Frameworks/DictionaryServices.framework/Versions/A/DictionaryServices
0x00000000033fa000 	/System/Library/Frameworks/NetFS.framework/Versions/A/NetFS
0x00000000033fa000 	/System/Library/PrivateFrameworks/NetAuth.framework/Versions/A/NetAuth
0x00000000033fa000 	/System/Library/PrivateFrameworks/login.framework/Versions/A/Frameworks/loginsupport.framework/Versions/A/loginsupport
0x00000000033fa000 	/System/Library/PrivateFrameworks/TCC.framework/Versions/A/TCC
0x00000000033fa000 	/usr/lib/libmecabra.dylib
0x00000000033fa000 	/System/Library/Frameworks/ApplicationServices.framework/Versions/A/Frameworks/ATS.framework/Versions/A/ATS
0x00000000033fa000 	/System/Library/Frameworks/ApplicationServices.framework/Versions/A/Frameworks/ColorSync.framework/Versions/A/ColorSync
0x00000000033fa000 	/System/Library/Frameworks/ApplicationServices.framework/Versions/A/Frameworks/HIServices.framework/Versions/A/HIServices
0x00000000033fa000 	/System/Library/Frameworks/ApplicationServices.framework/Versions/A/Frameworks/LangAnalysis.framework/Versions/A/LangAnalysis
0x00000000033fa000 	/System/Library/Frameworks/ApplicationServices.framework/Versions/A/Frameworks/PrintCore.framework/Versions/A/PrintCore
0x00000000033fa000 	/System/Library/Frameworks/ApplicationServices.framework/Versions/A/Frameworks/QD.framework/Versions/A/QD
0x00000000033fa000 	/System/Library/Frameworks/ApplicationServices.framework/Versions/A/Frameworks/SpeechSynthesis.framework/Versions/A/SpeechSynthesis
0x00000000033fa000 	/System/Library/Frameworks/Accelerate.framework/Versions/A/Accelerate
0x00000000033fa000 	/System/Library/Frameworks/Accelerate.framework/Versions/A/Frameworks/vImage.framework/Versions/A/vImage
0x00000000033fa000 	/System/Library/Frameworks/Accelerate.framework/Versions/A/Frameworks/vecLib.framework/Versions/A/vecLib
0x00000000033fa000 	/System/Library/Frameworks/Accelerate.framework/Versions/A/Frameworks/vecLib.framework/Versions/A/libvDSP.dylib
0x00000000033fa000 	/System/Library/Frameworks/Accelerate.framework/Versions/A/Frameworks/vecLib.framework/Versions/A/libvMisc.dylib
0x00000000033fa000 	/System/Library/Frameworks/Accelerate.framework/Versions/A/Frameworks/vecLib.framework/Versions/A/libLAPACK.dylib
0x00000000033fa000 	/System/Library/Frameworks/Accelerate.framework/Versions/A/Frameworks/vecLib.framework/Versions/A/libBLAS.dylib
0x00000000033fa000 	/System/Library/Frameworks/Accelerate.framework/Versions/A/Frameworks/vecLib.framework/Versions/A/libLinearAlgebra.dylib
0x00000000033fa000 	/System/Library/Frameworks/ApplicationServices.framework/Versions/A/Frameworks/ATS.framework/Versions/A/Resources/libFontParser.dylib
0x00000000033fa000 	/System/Library/Frameworks/ApplicationServices.framework/Versions/A/Frameworks/ATS.framework/Versions/A/Resources/libFontRegistry.dylib
0x00000000033fa000 	/System/Library/PrivateFrameworks/AppleVPA.framework/Versions/A/AppleVPA
0x00000000033fa000 	/System/Library/PrivateFrameworks/AppleJPEG.framework/Versions/A/AppleJPEG
0x00000000033fa000 	/System/Library/Frameworks/ImageIO.framework/Versions/A/Resources/libJPEG.dylib
0x00000000033fa000 	/System/Library/Frameworks/ImageIO.framework/Versions/A/Resources/libTIFF.dylib
0x00000000033fa000 	/System/Library/Frameworks/ImageIO.framework/Versions/A/Resources/libPng.dylib
0x00000000033fa000 	/System/Library/Frameworks/ImageIO.framework/Versions/A/Resources/libGIF.dylib
0x00000000033fa000 	/System/Library/Frameworks/ImageIO.framework/Versions/A/Resources/libJP2.dylib
0x00000000033fa000 	/System/Library/Frameworks/ImageIO.framework/Versions/A/Resources/libRadiance.dylib
0x00000000033fa000 	/System/Library/Frameworks/CoreVideo.framework/Versions/A/CoreVideo
0x00000000033fa000 	/System/Library/Frameworks/OpenGL.framework/Versions/A/Libraries/libGLU.dylib
0x00000000033fa000 	/System/Library/Frameworks/OpenGL.framework/Versions/A/Libraries/libGFXShared.dylib
0x00000000033fa000 	/System/Library/Frameworks/OpenGL.framework/Versions/A/Libraries/libGL.dylib
0x00000000033fa000 	/System/Library/Frameworks/OpenGL.framework/Versions/A/Libraries/libGLImage.dylib
0x00000000033fa000 	/System/Library/Frameworks/OpenGL.framework/Versions/A/Libraries/libCVMSPluginSupport.dylib
0x00000000033fa000 	/System/Library/Frameworks/OpenGL.framework/Versions/A/Libraries/libCoreVMClient.dylib
0x00000000033fa000 	/usr/lib/libcups.2.dylib
0x00000000033fa000 	/System/Library/Frameworks/Kerberos.framework/Versions/A/Kerberos
0x00000000033fa000 	/System/Library/Frameworks/GSS.framework/Versions/A/GSS
0x00000000033fa000 	/usr/lib/libresolv.9.dylib
0x00000000033fa000 	/usr/lib/libiconv.2.dylib
0x00000000033fa000 	/System/Library/PrivateFrameworks/Heimdal.framework/Versions/A/Heimdal
0x00000000033fa000 	/usr/lib/libheimdal-asn1.dylib
0x00000000033fa000 	/System/Library/Frameworks/OpenDirectory.framework/Versions/A/OpenDirectory
0x00000000033fa000 	/System/Library/PrivateFrameworks/CommonAuth.framework/Versions/A/CommonAuth
0x00000000033fa000 	/System/Library/Frameworks/OpenDirectory.framework/Versions/A/Frameworks/CFOpenDirectory.framework/Versions/A/CFOpenDirectory
0x00000000033fa000 	/System/Library/Frameworks/SecurityFoundation.framework/Versions/A/SecurityFoundation
0x00000000033fa000 	/System/Library/PrivateFrameworks/LanguageModeling.framework/Versions/A/LanguageModeling
0x00000000033fa000 	/usr/lib/libcmph.dylib
0x00000000033fa000 	/System/Library/Frameworks/ServiceManagement.framework/Versions/A/ServiceManagement
0x00000000033fa000 	/usr/lib/libxslt.1.dylib
0x00000000033fa000 	/System/Library/Frameworks/Carbon.framework/Versions/A/Frameworks/Ink.framework/Versions/A/Ink
0x00000000033fa000 	/System/Library/Frameworks/QuartzCore.framework/Versions/A/Frameworks/CoreImage.framework/Versions/A/CoreImage
0x00000000033fa000 	/System/Library/PrivateFrameworks/CrashReporterSupport.framework/Versions/A/CrashReporterSupport
0x00000000033fa000 	/System/Library/Frameworks/OpenCL.framework/Versions/A/OpenCL
0x00000000033fa000 	/System/Library/PrivateFrameworks/FaceCore.framework/Versions/A/FaceCore
0x00000000033fa000 	/System/Library/PrivateFrameworks/Ubiquity.framework/Versions/A/Ubiquity
0x00000000033fa000 	/System/Library/PrivateFrameworks/IconServices.framework/Versions/A/IconServices
0x00000000033fa000 	/System/Library/PrivateFrameworks/ChunkingLibrary.framework/Versions/A/ChunkingLibrary
0x00000000033fa000 	/System/Library/PrivateFrameworks/Apple80211.framework/Versions/A/Apple80211
0x00000000033fa000 	/System/Library/Frameworks/CoreWLAN.framework/Versions/A/CoreWLAN
0x00000000033fa000 	/System/Library/Frameworks/IOBluetooth.framework/Versions/A/IOBluetooth
0x00000000033fa000 	/System/Library/PrivateFrameworks/CoreWiFi.framework/Versions/A/CoreWiFi
0x00000000033fa000 	/System/Library/Frameworks/CoreBluetooth.framework/Versions/A/CoreBluetooth
0x00000000033fa000 	/System/Library/PrivateFrameworks/DebugSymbols.framework/Versions/A/DebugSymbols
0x00000000033fa000 	/System/Library/PrivateFrameworks/CoreSymbolication.framework/Versions/A/CoreSymbolication
0x00000000033fa000 	/System/Library/PrivateFrameworks/Symbolication.framework/Versions/A/Symbolication
0x00000000033fa000 	/System/Library/PrivateFrameworks/SpeechRecognitionCore.framework/Versions/A/SpeechRecognitionCore
0x00000001002b1000 	/Library/Java/JavaVirtualMachines/jdk1.8.0_20.jdk/Contents/Home/jre/lib/server/libjvm.dylib
0x00000000033fa000 	/usr/lib/libstdc++.6.dylib
0x00000001011e3000 	/Library/Java/JavaVirtualMachines/jdk1.8.0_20.jdk/Contents/Home/jre/lib/libverify.dylib
0x0000000101b03000 	/Library/Java/JavaVirtualMachines/jdk1.8.0_20.jdk/Contents/Home/jre/lib/libjava.dylib
0x0000000101b37000 	/Library/Java/JavaVirtualMachines/jdk1.8.0_20.jdk/Contents/Home/jre/lib/libzip.dylib
0x000000011564b000 	/System/Library/Frameworks/JavaVM.framework/Frameworks/JavaRuntimeSupport.framework/JavaRuntimeSupport
0x0000000115663000 	/System/Library/Frameworks/JavaVM.framework/Versions/A/Frameworks/JavaNativeFoundation.framework/Versions/A/JavaNativeFoundation
0x0000000115678000 	/System/Library/Frameworks/JavaVM.framework/Versions/A/JavaVM
0x00000000033fa000 	/System/Library/Frameworks/Carbon.framework/Versions/A/Carbon
0x0000000115685000 	/System/Library/PrivateFrameworks/JavaLaunching.framework/Versions/A/JavaLaunching
0x00000000033fa000 	/System/Library/Frameworks/Carbon.framework/Versions/A/Frameworks/CommonPanels.framework/Versions/A/CommonPanels
0x00000000033fa000 	/System/Library/Frameworks/Carbon.framework/Versions/A/Frameworks/Help.framework/Versions/A/Help
0x00000000033fa000 	/System/Library/Frameworks/Carbon.framework/Versions/A/Frameworks/ImageCapture.framework/Versions/A/ImageCapture
0x00000000033fa000 	/System/Library/Frameworks/Carbon.framework/Versions/A/Frameworks/OpenScripting.framework/Versions/A/OpenScripting
0x00000000033fa000 	/System/Library/Frameworks/Carbon.framework/Versions/A/Frameworks/Print.framework/Versions/A/Print
0x00000000033fa000 	/System/Library/Frameworks/Carbon.framework/Versions/A/Frameworks/SecurityHI.framework/Versions/A/SecurityHI
0x00000001174ed000 	/Library/Java/JavaVirtualMachines/jdk1.8.0_20.jdk/Contents/Home/jre/lib/libawt.dylib
0x000000011759c000 	/Library/Java/JavaVirtualMachines/jdk1.8.0_20.jdk/Contents/Home/jre/lib/./libmlib_image.dylib
0x0000000117668000 	/Library/Java/JavaVirtualMachines/jdk1.8.0_20.jdk/Contents/Home/jre/lib/libawt_lwawt.dylib
0x000000011771b000 	/Library/Java/JavaVirtualMachines/jdk1.8.0_20.jdk/Contents/Home/jre/lib/./libosxapp.dylib
0x00000000033fa000 	/System/Library/Frameworks/ExceptionHandling.framework/Versions/A/ExceptionHandling
0x00000000033fa000 	/System/Library/PrivateFrameworks/CoreServicesInternal.framework/Versions/A/CoreServicesInternal
0x00000000033fa000 	/System/Library/PrivateFrameworks/CloudDocs.framework/Versions/A/CloudDocs
0x00000000033fa000 	/System/Library/PrivateFrameworks/CoreDuet.framework/Versions/A/CoreDuet
0x00000000033fa000 	/System/Library/Frameworks/CloudKit.framework/Versions/A/CloudKit
0x00000000033fa000 	/System/Library/PrivateFrameworks/ProtocolBuffer.framework/Versions/A/ProtocolBuffer
0x00000000033fa000 	/System/Library/PrivateFrameworks/CoreDuetDaemonProtocol.framework/Versions/A/CoreDuetDaemonProtocol
0x00000000033fa000 	/System/Library/PrivateFrameworks/CoreDuetDebugLogging.framework/Versions/A/CoreDuetDebugLogging
0x00000000033fa000 	/System/Library/Frameworks/CoreLocation.framework/Versions/A/CoreLocation
0x00000000033fa000 	/System/Library/Frameworks/Accounts.framework/Versions/A/Accounts
0x00000000033fa000 	/System/Library/PrivateFrameworks/ApplePushService.framework/Versions/A/ApplePushService
0x00000000033fa000 	/System/Library/PrivateFrameworks/GeoServices.framework/Versions/A/GeoServices
0x00000000033fa000 	/System/Library/PrivateFrameworks/OAuth.framework/Versions/A/OAuth
0x00000000033fa000 	/System/Library/PrivateFrameworks/CoreDaemon.framework/Versions/B/CoreDaemon
0x00000000033fa000 	/usr/lib/libcrypto.0.9.8.dylib
0x00000000033fa000 	/System/Library/PrivateFrameworks/AppleSRP.framework/Versions/A/AppleSRP
0x00000000033fa000 	/System/Library/PrivateFrameworks/TrustEvaluationAgent.framework/Versions/A/TrustEvaluationAgent
0x00000000033fa000 	/System/Library/Frameworks/CoreGraphics.framework/Versions/A/Resources/libCGCMS.A.dylib
0x00000000033fa000 	/System/Library/Frameworks/CoreGraphics.framework/Versions/A/Resources/libRIP.A.dylib
0x00000000033fa000 	/System/Library/Frameworks/CoreGraphics.framework/Versions/A/Resources/libCGXType.A.dylib
0x00000000033fa000 	/System/Library/Frameworks/OpenCL.framework/Versions/A/Libraries/libcldcpuengine.dylib
0x00000000033fa000 	/System/Library/PrivateFrameworks/DiskImages.framework/Versions/A/DiskImages
0x00000000033fa000 	/System/Library/Frameworks/DiscRecording.framework/Versions/A/DiscRecording
0x00000000033fa000 	/usr/lib/libcsfde.dylib
0x00000000033fa000 	/usr/lib/libcurl.4.dylib
0x00000000033fa000 	/System/Library/PrivateFrameworks/MediaKit.framework/Versions/A/MediaKit
0x00000000033fa000 	/System/Library/PrivateFrameworks/ProtectedCloudStorage.framework/Versions/A/ProtectedCloudStorage
0x00000000033fa000 	/usr/lib/libCoreStorage.dylib
0x00000000033fa000 	/System/Library/PrivateFrameworks/EFILogin.framework/Versions/A/EFILogin
0x00000000033fa000 	/usr/lib/libutil.dylib
0x00000000033fa000 	/System/Library/PrivateFrameworks/FindMyDevice.framework/Versions/A/FindMyDevice
0x00000000033fa000 	/System/Library/Frameworks/LDAP.framework/Versions/A/LDAP
0x00000000033fa000 	/usr/lib/libsasl2.2.dylib
0x000000011b074000 	cl_kernels
0x000000011b076000 	/System/Library/Frameworks/OpenCL.framework/Versions/A/Libraries/ImageFormats/unorm8_bgra.dylib
0x000000011b065000 	cl_kernels
0x00000000033fa000 	/System/Library/PrivateFrameworks/FamilyControls.framework/Versions/A/FamilyControls
0x00000000033fa000 	/System/Library/PrivateFrameworks/CommerceKit.framework/Versions/A/Frameworks/CommerceCore.framework/Versions/A/CommerceCore
0x00000000033fa000 	/System/Library/PrivateFrameworks/SystemAdministration.framework/Versions/A/SystemAdministration
0x00000000033fa000 	/System/Library/PrivateFrameworks/AppContainer.framework/Versions/A/AppContainer
0x00000000033fa000 	/System/Library/PrivateFrameworks/SecCodeWrapper.framework/Versions/A/SecCodeWrapper
0x00000000033fa000 	/System/Library/Frameworks/DirectoryService.framework/Versions/A/DirectoryService
0x00000000033fa000 	/System/Library/PrivateFrameworks/LoginUIKit.framework/Versions/A/Frameworks/LoginUICore.framework/Versions/A/LoginUICore
0x00000000033fa000 	/usr/lib/libodfde.dylib
0x000000011c23c000 	/Library/Java/JavaVirtualMachines/jdk1.8.0_20.jdk/Contents/Home/jre/lib/libfontmanager.dylib
0x000000011c2a2000 	/Users/Ben/Desktop/workspace/Sandbox/lwjgl-2.9.1/native/macosx/liblwjgl.jnilib
0x000000011a5a5000 	/Library/Java/JavaVirtualMachines/jdk1.8.0_20.jdk/Contents/Home/jre/lib/libjawt.dylib
0x00000000033fa000 	/System/Library/Frameworks/OpenGL.framework/Versions/A/Resources/GLEngine.bundle/GLEngine
0x00000000033fa000 	/System/Library/Frameworks/OpenGL.framework/Versions/A/Libraries/libGLProgrammability.dylib
0x0000000000000000 	/System/Library/Extensions/AppleIntelHD4000GraphicsGLDriver.bundle/Contents/MacOS/AppleIntelHD4000GraphicsGLDriver
0x00000000033fa000 	/System/Library/PrivateFrameworks/IOAccelerator.framework/Versions/A/IOAccelerator
0x00000000033fa000 	/System/Library/PrivateFrameworks/GPUSupport.framework/Versions/A/Libraries/libGPUSupportMercury.dylib
0x00000000033fa000 	/System/Library/Frameworks/OpenGL.framework/Versions/A/Resources/GLRendererFloat.bundle/GLRendererFloat

VM Arguments:
jvm_args: -Djava.library.path=/Users/Ben/Desktop/workspace/Sandbox/native/macosx:/Users/Ben/Desktop/workspace/Sandbox/lwjgl-2.9.1/native/macosx -Dfile.encoding=UTF-8 
java_command: engineTester.MainGameLoop
java_class_path (initial): /Users/Ben/Desktop/workspace/Sandbox/bin:/Users/Ben/Desktop/workspace/Sandbox/slick-util.jar:/Users/Ben/Desktop/workspace/Sandbox/lwjgl-2.9.1/jar/lwjgl.jar:/Users/Ben/Desktop/workspace/Sandbox/lwjgl-2.9.1/jar/lwjgl_util.jar:/Users/Ben/Desktop/workspace/Sandbox/lwjgl-2.9.1/jar/PNGDecoder.jar
Launcher Type: SUN_STANDARD

Environment Variables:
PATH=/usr/bin:/bin:/usr/sbin:/sbin
SHELL=/bin/bash
DISPLAY=/private/tmp/com.apple.launchd.7InTvLpvOp/org.macosforge.xquartz:0

Signal Handlers:
SIGSEGV: [libjvm.dylib+0x578fd7], sa_mask[0]=11111111011111110111111111111111, sa_flags=SA_ONSTACK|SA_RESTART|SA_SIGINFO
SIGBUS: [libjvm.dylib+0x578fd7], sa_mask[0]=11111111011111110111111111111111, sa_flags=SA_RESTART|SA_SIGINFO
SIGFPE: [libjvm.dylib+0x45ab0c], sa_mask[0]=11111111011111110111111111111111, sa_flags=SA_RESTART|SA_SIGINFO
SIGPIPE: [libjvm.dylib+0x45ab0c], sa_mask[0]=11111111011111110111111111111111, sa_flags=SA_RESTART|SA_SIGINFO
SIGXFSZ: [libjvm.dylib+0x45ab0c], sa_mask[0]=11111111011111110111111111111111, sa_flags=SA_RESTART|SA_SIGINFO
SIGILL: [libjvm.dylib+0x45ab0c], sa_mask[0]=11111111011111110111111111111111, sa_flags=SA_RESTART|SA_SIGINFO
SIGUSR1: SIG_DFL, sa_mask[0]=00000000000000000000000000000000, sa_flags=none
SIGUSR2: [libjvm.dylib+0x45a62a], sa_mask[0]=00100000000000000000000000000000, sa_flags=SA_RESTART|SA_SIGINFO
SIGHUP: [libjvm.dylib+0x458bfd], sa_mask[0]=11111111011111110111111111111111, sa_flags=SA_RESTART|SA_SIGINFO
SIGINT: [libjvm.dylib+0x458bfd], sa_mask[0]=11111111011111110111111111111111, sa_flags=SA_RESTART|SA_SIGINFO
SIGTERM: [libjvm.dylib+0x458bfd], sa_mask[0]=11111111011111110111111111111111, sa_flags=SA_RESTART|SA_SIGINFO
SIGQUIT: [libjvm.dylib+0x458bfd], sa_mask[0]=11111111011111110111111111111111, sa_flags=SA_RESTART|SA_SIGINFO


---------------  S Y S T E M  ---------------

OS:Bsduname:Darwin 14.1.0 Darwin Kernel Version 14.1.0: Mon Dec 22 23:10:38 PST 2014; root:xnu-2782.10.72~2/RELEASE_X86_64 x86_64
rlimit: STACK 8192k, CORE 0k, NPROC 709, NOFILE 10240, AS infinity
load average:1.79 1.74 1.59

CPU:total 4 (2 cores per cpu, 2 threads per core) family 6 model 58 stepping 9, cmov, cx8, fxsr, mmx, sse, sse2, sse3, ssse3, sse4.1, sse4.2, popcnt, avx, aes, clmul, erms, ht, tsc, tscinvbit, tscinv

Memory: 4k page, physical 4194304k(373384k free)

/proc/meminfo:


vm_info: Java HotSpot(TM) 64-Bit Server VM (25.20-b23) for bsd-amd64 JRE (1.8.0_20-b26), built on Jul 30 2014 13:37:47 by "java_re" with gcc 4.2.1 (Based on Apple Inc. build 5658) (LLVM build 2336.9.00)

time: Thu Jul 30 22:14:49 2015
elapsed time: 0 seconds (0d 0h 0m 0s)

